Change Component Footprint: Designator=H1 Old Footprint=HEX-M3 New Footprint=HEX-2.2mm
Change Component Footprint: Designator=H2 Old Footprint=HEX-M3 New Footprint=HEX-2.2mm
Change Component Footprint: Designator=H3 Old Footprint=HEX-M3 New Footprint=HEX-2.2mm
Change Component Footprint: Designator=H4 Old Footprint=HEX-M3 New Footprint=HEX-2.2mm
Add Component: Footprint Not Found 0532611571
Add Pin To Net: Unknown Pin: Pin J1-1
Add Pin To Net: Unknown Pin: Pin J1-2
Add Pin To Net: Unknown Pin: Pin J1-3
Add Pin To Net: Unknown Pin: Pin J1-4
Add Pin To Net: Unknown Pin: Pin J1-5
Add Pin To Net: Unknown Pin: Pin J1-6
Add Pin To Net: Unknown Pin: Pin J1-7
Add Pin To Net: Unknown Pin: Pin J1-8
Add Pin To Net: Unknown Pin: Pin J1-9
Add Pin To Net: Unknown Pin: Pin J1-10
Add Pin To Net: Unknown Pin: Pin J1-11
Add Pin To Net: Unknown Pin: Pin J1-12
Add Pin To Net: Unknown Pin: Pin J1-13
Add Pin To Net: Unknown Pin: Pin J1-14
Add Pin To Net: Unknown Pin: Pin J1-15
Add Pin To Net: Unknown Pin: Pin J1-S1
Add Pin To Net: Unknown Pin: Pin J1-S2
Add Pin To Net: Unknown Pin: Pin Y1-1
Add Pin To Net: Unknown Pin: Pin Y1-2
Add Pin To Net: Unknown Pin: Pin Y1-3
Add Pin To Net: Unknown Pin: Pin Y1-4
Added Member To Class: ClassName=CONNECTOR Member=Component H1 M3
Add Class Member: Failed to add class member : Component J1 0532611571
Add Class Member: Failed to add class member : Component Y1 DSC1001DL5-027.0000T
