Add Component: Footprint Not Found 0532611571
Added Component: Designator=U10(SOP65P640X120-24N)
Added Component: Designator=U11(TSSOP20_SOT360-1_NXP)
Added Component: Designator=U12(SOT236)
Added Component: Designator=U13(SOT236)
Added Component: Designator=U14(SOT236)
Added Component: Designator=U15(SOT236)
Add Pin To Net: Unknown Pin: Pin J1-1
Add Pin To Net: Unknown Pin: Pin J1-2
Add Pin To Net: Unknown Pin: Pin J1-3
Add Pin To Net: Unknown Pin: Pin J1-4
Add Pin To Net: Unknown Pin: Pin J1-5
Add Pin To Net: Unknown Pin: Pin J1-6
Add Pin To Net: Unknown Pin: Pin J1-7
Add Pin To Net: Unknown Pin: Pin J1-8
Add Pin To Net: Unknown Pin: Pin J1-9
Add Pin To Net: Unknown Pin: Pin J1-10
Add Pin To Net: Unknown Pin: Pin J1-11
Add Pin To Net: Unknown Pin: Pin J1-12
Add Pin To Net: Unknown Pin: Pin J1-13
Add Pin To Net: Unknown Pin: Pin J1-14
Add Pin To Net: Unknown Pin: Pin J1-15
Add Pin To Net: Unknown Pin: Pin J1-S1
Add Pin To Net: Unknown Pin: Pin J1-S2
Added Pin To Net: NetName=NetR15_2 Pin=U10-1
Added Pin To Net: NetName=+3.3V Pin=U10-2
Added Pin To Net: NetName=NetR19_2 Pin=U10-3
Added Pin To Net: NetName=SEN_0_GPIO0 Pin=U10-4
Added Pin To Net: NetName=SEN_1_GPIO0 Pin=U10-5
Added Pin To Net: NetName=SEN_2_GPIO0 Pin=U10-6
Added Pin To Net: NetName=SEN_3_GPIO0 Pin=U10-7
Added Pin To Net: NetName=SEN_0_GPIO1 Pin=U10-8
Added Pin To Net: NetName=SEN_1_GPIO1 Pin=U10-9
Added Pin To Net: NetName=SEN_2_GPIO1 Pin=U10-10
Added Pin To Net: NetName=SEN_3_GPIO1 Pin=U10-11
Added Pin To Net: NetName=GND Pin=U10-12
Added Pin To Net: NetName=SEN_0_GPIO2 Pin=U10-13
Added Pin To Net: NetName=SEN_1_GPIO2 Pin=U10-14
Added Pin To Net: NetName=SEN_2_GPIO2 Pin=U10-15
Added Pin To Net: NetName=SEN_3_GPIO2 Pin=U10-16
Added Pin To Net: NetName=SEN_0_nOFF Pin=U10-17
Added Pin To Net: NetName=SEN_1_nOFF Pin=U10-18
Added Pin To Net: NetName=SEN_2_nOFF Pin=U10-19
Added Pin To Net: NetName=SEN_3_nOFF Pin=U10-20
Added Pin To Net: NetName=GND Pin=U10-21
Added Pin To Net: NetName=CM4_SCL Pin=U10-22
Added Pin To Net: NetName=CM4_SDA Pin=U10-23
Added Pin To Net: NetName=+1.8V Pin=U10-24
Added Pin To Net: NetName=GND Pin=U11-1
Added Pin To Net: NetName=GND Pin=U11-2
Added Pin To Net: NetName=GND Pin=U11-3
Added Pin To Net: NetName=nINT0 Pin=U11-4
Added Pin To Net: NetName=SEN_0_SDA Pin=U11-5
Added Pin To Net: NetName=SEN_0_SCL Pin=U11-6
Added Pin To Net: NetName=nINT1 Pin=U11-7
Added Pin To Net: NetName=SEN_1_SDA Pin=U11-8
Added Pin To Net: NetName=SEN_1_SCL Pin=U11-9
Added Pin To Net: NetName=GND Pin=U11-10
Added Pin To Net: NetName=nINT2 Pin=U11-11
Added Pin To Net: NetName=SEN_2_SDA Pin=U11-12
Added Pin To Net: NetName=SEN_2_SCL Pin=U11-13
Added Pin To Net: NetName=nINT3 Pin=U11-14
Added Pin To Net: NetName=SEN_3_SDA Pin=U11-15
Added Pin To Net: NetName=SEN_3_SCL Pin=U11-16
Added Pin To Net: NetName=nINT Pin=U11-17
Added Pin To Net: NetName=CAM_SCL Pin=U11-18
Added Pin To Net: NetName=CAM_SDA Pin=U11-19
Added Pin To Net: NetName=+2.4V Pin=U11-20
Added Pin To Net: NetName=NetR20_1 Pin=U12-1
Added Pin To Net: NetName=GND Pin=U12-2
Added Pin To Net: NetName=GND Pin=U12-3
Added Pin To Net: NetName=SEN_0_CLK Pin=U12-4
Added Pin To Net: NetName=+1.8V Pin=U12-5
Added Pin To Net: NetName=GND Pin=U12-6
Added Pin To Net: NetName=NetR20_1 Pin=U13-1
Added Pin To Net: NetName=GND Pin=U13-2
Added Pin To Net: NetName=GND Pin=U13-3
Added Pin To Net: NetName=SEN_1_CLK Pin=U13-4
Added Pin To Net: NetName=+1.8V Pin=U13-5
Added Pin To Net: NetName=GND Pin=U13-6
Added Pin To Net: NetName=NetR20_1 Pin=U14-1
Added Pin To Net: NetName=GND Pin=U14-2
Added Pin To Net: NetName=GND Pin=U14-3
Added Pin To Net: NetName=SEN_2_CLK Pin=U14-4
Added Pin To Net: NetName=+1.8V Pin=U14-5
Added Pin To Net: NetName=GND Pin=U14-6
Added Pin To Net: NetName=NetR20_1 Pin=U15-1
Added Pin To Net: NetName=GND Pin=U15-2
Added Pin To Net: NetName=GND Pin=U15-3
Added Pin To Net: NetName=SEN_3_CLK Pin=U15-4
Added Pin To Net: NetName=+1.8V Pin=U15-5
Added Pin To Net: NetName=GND Pin=U15-6
Add Pin To Net: Unknown Pin: Pin Y1-1
Add Pin To Net: Unknown Pin: Pin Y1-2
Add Pin To Net: Unknown Pin: Pin Y1-3
Add Pin To Net: Unknown Pin: Pin Y1-4
Added Member To Class: ClassName=CONNECTOR Member=Component C10 0.22uF/16V
Added Member To Class: ClassName=POWER Member=Component C45 2.2uF/6.3V
Add Class Member: Failed to add class member : Component J1 0532611571
Added Member To Class: ClassName=SENSOR Member=Component U10 TCA6416APWR
Added Member To Class: ClassName=SENSOR Member=Component U11 PCA9544APW,118
Added Member To Class: ClassName=SENSOR Member=Component U12 NL7SZ97DFT2G-Q
Added Member To Class: ClassName=SENSOR Member=Component U13 NL7SZ97DFT2G-Q
Added Member To Class: ClassName=SENSOR Member=Component U14 NL7SZ97DFT2G-Q
Added Member To Class: ClassName=SENSOR Member=Component U15 NL7SZ97DFT2G-Q
Add Class Member: Failed to add class member : Component Y1 DSC1001DL5-027.0000T
