Removed Pin From Net: NetName=GND Pin=C19-1
Removed Pin From Net: NetName=+3.3V Pin=C19-2
Removed Pin From Net: NetName=GND Pin=C20-1
Removed Pin From Net: NetName=+1.8V Pin=C20-2
Removed Pin From Net: NetName=GND Pin=C21-1
Removed Pin From Net: NetName=+2.4V Pin=C21-2
Removed Pin From Net: NetName=GND Pin=C22-1
Removed Pin From Net: NetName=+1.8V Pin=C22-2
Removed Pin From Net: NetName=GND Pin=C23-1
Removed Pin From Net: NetName=+1.8V Pin=C23-2
Removed Pin From Net: NetName=GND Pin=C24-1
Removed Pin From Net: NetName=+1.8V Pin=C24-2
Removed Pin From Net: NetName=GND Pin=C25-1
Removed Pin From Net: NetName=+1.8V Pin=C25-2
Removed Pin From Net: NetName=GND Pin=C26-1
Removed Pin From Net: NetName=+3.3V Pin=C26-2
Removed Pin From Net: NetName=+2.4V Pin=R24-1
Removed Pin From Net: NetName=SEN_0_SDA Pin=R24-2
Removed Pin From Net: NetName=+2.4V Pin=R25-1
Removed Pin From Net: NetName=SEN_0_SCL Pin=R25-2
Removed Pin From Net: NetName=+2.4V Pin=R26-1
Removed Pin From Net: NetName=nINT0 Pin=R26-2
Removed Pin From Net: NetName=+2.4V Pin=R27-1
Removed Pin From Net: NetName=SEN_1_SDA Pin=R27-2
Removed Pin From Net: NetName=+2.4V Pin=R28-1
Removed Pin From Net: NetName=SEN_1_SCL Pin=R28-2
Removed Pin From Net: NetName=+2.4V Pin=R29-1
Removed Pin From Net: NetName=nINT1 Pin=R29-2
Removed Pin From Net: NetName=+2.4V Pin=R30-1
Removed Pin From Net: NetName=SEN_2_SDA Pin=R30-2
Removed Pin From Net: NetName=+2.4V Pin=R31-1
Removed Pin From Net: NetName=SEN_2_SCL Pin=R31-2
Removed Pin From Net: NetName=+2.4V Pin=R32-1
Removed Pin From Net: NetName=nINT2 Pin=R32-2
Removed Pin From Net: NetName=+2.4V Pin=R33-1
Removed Pin From Net: NetName=SEN_3_SDA Pin=R33-2
Removed Pin From Net: NetName=+2.4V Pin=R34-1
Removed Pin From Net: NetName=SEN_3_SCL Pin=R34-2
Removed Pin From Net: NetName=+2.4V Pin=R35-1
Removed Pin From Net: NetName=nINT3 Pin=R35-2
Removed Pin From Net: NetName=+3.3V Pin=R36-1
Removed Pin From Net: NetName=+2.4V Pin=R37-1
Removed Pin From Net: NetName=nINT Pin=R37-2
Removed Pin From Net: NetName=+2.4V Pin=R38-1
Removed Pin From Net: NetName=CAM_SCL Pin=R38-2
Removed Pin From Net: NetName=+2.4V Pin=R39-1
Removed Pin From Net: NetName=CAM_SDA Pin=R39-2
Removed Pin From Net: NetName=+3.3V Pin=R40-1
Removed Pin From Net: NetName=+3.3V Pin=U12-2
Removed Pin From Net: NetName=SEN_0_GPIO0 Pin=U12-4
Removed Pin From Net: NetName=SEN_1_GPIO0 Pin=U12-5
Removed Pin From Net: NetName=SEN_2_GPIO0 Pin=U12-6
Removed Pin From Net: NetName=SEN_3_GPIO0 Pin=U12-7
Removed Pin From Net: NetName=SEN_0_GPIO1 Pin=U12-8
Removed Pin From Net: NetName=SEN_1_GPIO1 Pin=U12-9
Removed Pin From Net: NetName=SEN_2_GPIO1 Pin=U12-10
Removed Pin From Net: NetName=SEN_3_GPIO1 Pin=U12-11
Removed Pin From Net: NetName=GND Pin=U12-12
Removed Pin From Net: NetName=SEN_0_GPIO2 Pin=U12-13
Removed Pin From Net: NetName=SEN_1_GPIO2 Pin=U12-14
Removed Pin From Net: NetName=SEN_2_GPIO2 Pin=U12-15
Removed Pin From Net: NetName=SEN_3_GPIO2 Pin=U12-16
Removed Pin From Net: NetName=SEN_0_nOFF Pin=U12-17
Removed Pin From Net: NetName=SEN_1_nOFF Pin=U12-18
Removed Pin From Net: NetName=SEN_2_nOFF Pin=U12-19
Removed Pin From Net: NetName=SEN_3_nOFF Pin=U12-20
Removed Pin From Net: NetName=GND Pin=U12-21
Removed Pin From Net: NetName=CM4_SCL Pin=U12-22
Removed Pin From Net: NetName=CM4_SDA Pin=U12-23
Removed Pin From Net: NetName=+1.8V Pin=U12-24
Removed Pin From Net: NetName=GND Pin=U13-1
Removed Pin From Net: NetName=GND Pin=U13-2
Removed Pin From Net: NetName=GND Pin=U13-3
Removed Pin From Net: NetName=nINT0 Pin=U13-4
Removed Pin From Net: NetName=SEN_0_SDA Pin=U13-5
Removed Pin From Net: NetName=SEN_0_SCL Pin=U13-6
Removed Pin From Net: NetName=nINT1 Pin=U13-7
Removed Pin From Net: NetName=SEN_1_SDA Pin=U13-8
Removed Pin From Net: NetName=SEN_1_SCL Pin=U13-9
Removed Pin From Net: NetName=GND Pin=U13-10
Removed Pin From Net: NetName=nINT2 Pin=U13-11
Removed Pin From Net: NetName=SEN_2_SDA Pin=U13-12
Removed Pin From Net: NetName=SEN_2_SCL Pin=U13-13
Removed Pin From Net: NetName=nINT3 Pin=U13-14
Removed Pin From Net: NetName=SEN_3_SDA Pin=U13-15
Removed Pin From Net: NetName=SEN_3_SCL Pin=U13-16
Removed Pin From Net: NetName=nINT Pin=U13-17
Removed Pin From Net: NetName=CAM_SCL Pin=U13-18
Removed Pin From Net: NetName=CAM_SDA Pin=U13-19
Removed Pin From Net: NetName=+2.4V Pin=U13-20
Removed Pin From Net: NetName=GND Pin=U14-2
Removed Pin From Net: NetName=GND Pin=U14-3
Removed Pin From Net: NetName=SEN_0_CLK Pin=U14-4
Removed Pin From Net: NetName=+1.8V Pin=U14-5
Removed Pin From Net: NetName=GND Pin=U14-6
Removed Pin From Net: NetName=GND Pin=U15-2
Removed Pin From Net: NetName=GND Pin=U15-3
Removed Pin From Net: NetName=SEN_1_CLK Pin=U15-4
Removed Pin From Net: NetName=+1.8V Pin=U15-5
Removed Pin From Net: NetName=GND Pin=U15-6
Removed Pin From Net: NetName=GND Pin=U16-2
Removed Pin From Net: NetName=GND Pin=U16-3
Removed Pin From Net: NetName=SEN_2_CLK Pin=U16-4
Removed Pin From Net: NetName=+1.8V Pin=U16-5
Removed Pin From Net: NetName=GND Pin=U16-6
Removed Pin From Net: NetName=GND Pin=U17-2
Removed Pin From Net: NetName=GND Pin=U17-3
Removed Pin From Net: NetName=SEN_3_CLK Pin=U17-4
Removed Pin From Net: NetName=+1.8V Pin=U17-5
Removed Pin From Net: NetName=GND Pin=U17-6
Removed Pin From Net: NetName=+3.3V Pin=Y2-1
Removed Pin From Net: NetName=GND Pin=Y2-2
Removed Pin From Net: NetName=+3.3V Pin=Y2-4
