Removed Pin From Net: NetName=+2.8V Pin=J2-1
Removed Pin From Net: NetName=+1.8V Pin=J2-2
Removed Pin From Net: NetName=+2.8V Pin=J2-3
Removed Pin From Net: NetName=+1.8V Pin=J2-4
Removed Pin From Net: NetName=GND Pin=J2-5
Removed Pin From Net: NetName=+1.05V Pin=J2-6
Removed Pin From Net: NetName=GND Pin=J2-7
Removed Pin From Net: NetName=+1.05V Pin=J2-8
Removed Pin From Net: NetName=SEN_1_CLK Pin=J2-9
Removed Pin From Net: NetName=SEN_0_CLK Pin=J2-10
Removed Pin From Net: NetName=SEN_1_SCL Pin=J2-11
Removed Pin From Net: NetName=SEN_0_SCL Pin=J2-12
Removed Pin From Net: NetName=SEN_1_SDA Pin=J2-13
Removed Pin From Net: NetName=SEN_0_SDA Pin=J2-14
Removed Pin From Net: NetName=SEN_1_GPIO0 Pin=J2-15
Removed Pin From Net: NetName=SEN_0_GPIO0 Pin=J2-16
Removed Pin From Net: NetName=SEN_1_GPIO1 Pin=J2-17
Removed Pin From Net: NetName=SEN_0_GPIO1 Pin=J2-18
Removed Pin From Net: NetName=SEN_1_GPIO2 Pin=J2-19
Removed Pin From Net: NetName=SEN_0_GPIO2 Pin=J2-20
Removed Pin From Net: NetName=SEN_1_nOFF Pin=J2-21
Removed Pin From Net: NetName=SEN_0_nOFF Pin=J2-22
Added Pin To Net: NetName=+1.8V Pin=J2-1
Added Pin To Net: NetName=+2.8V Pin=J2-2
Added Pin To Net: NetName=+1.8V Pin=J2-3
Added Pin To Net: NetName=+2.8V Pin=J2-4
Added Pin To Net: NetName=+1.05V Pin=J2-5
Added Pin To Net: NetName=GND Pin=J2-6
Added Pin To Net: NetName=+1.05V Pin=J2-7
Added Pin To Net: NetName=GND Pin=J2-8
Added Pin To Net: NetName=SEN_0_CLK Pin=J2-9
Added Pin To Net: NetName=SEN_1_CLK Pin=J2-10
Added Pin To Net: NetName=SEN_0_SCL Pin=J2-11
Added Pin To Net: NetName=SEN_1_SCL Pin=J2-12
Added Pin To Net: NetName=SEN_0_SDA Pin=J2-13
Added Pin To Net: NetName=SEN_1_SDA Pin=J2-14
Added Pin To Net: NetName=SEN_0_GPIO0 Pin=J2-15
Added Pin To Net: NetName=SEN_1_GPIO0 Pin=J2-16
Added Pin To Net: NetName=SEN_0_GPIO1 Pin=J2-17
Added Pin To Net: NetName=SEN_1_GPIO1 Pin=J2-18
Added Pin To Net: NetName=SEN_0_GPIO2 Pin=J2-19
Added Pin To Net: NetName=SEN_1_GPIO2 Pin=J2-20
Added Pin To Net: NetName=SEN_0_nOFF Pin=J2-21
Added Pin To Net: NetName=SEN_1_nOFF Pin=J2-22
