Removed Pin From Net: NetName=+1.05V Pin=C17-2
Removed Pin From Net: NetName=+1.05V Pin=C18-2
Removed Pin From Net: NetName=GND Pin=C19-1
Removed Pin From Net: NetName=+1.05V Pin=C19-2
Removed Pin From Net: NetName=GND Pin=C20-1
Removed Pin From Net: NetName=+1.05V Pin=C20-2
Removed Pin From Net: NetName=GND Pin=C21-1
Removed Pin From Net: NetName=+1.05V Pin=C21-2
Removed Pin From Net: NetName=GND Pin=C22-1
Removed Pin From Net: NetName=+1.05V Pin=C22-2
Removed Pin From Net: NetName=GND Pin=C27-1
Removed Pin From Net: NetName=+1.05V Pin=C27-2
Removed Pin From Net: NetName=GND Pin=C28-1
Removed Pin From Net: NetName=+1.05V Pin=C28-2
Removed Pin From Net: NetName=GND Pin=C29-1
Removed Pin From Net: NetName=+1.05V Pin=C29-2
Removed Pin From Net: NetName=GND Pin=C30-1
Removed Pin From Net: NetName=+1.05V Pin=C30-2
Removed Pin From Net: NetName=GND Pin=C31-1
Removed Pin From Net: NetName=+1.05V Pin=C31-2
Removed Pin From Net: NetName=GND Pin=C32-1
Removed Pin From Net: NetName=+1.05V Pin=C32-2
Removed Pin From Net: NetName=GND Pin=C33-1
Removed Pin From Net: NetName=+1.05V Pin=C33-2
Removed Pin From Net: NetName=GND Pin=C34-1
Removed Pin From Net: NetName=+1.05V Pin=C34-2
Removed Pin From Net: NetName=GND Pin=C35-1
Removed Pin From Net: NetName=+1.05V Pin=C35-2
Removed Pin From Net: NetName=GND Pin=C36-1
Removed Pin From Net: NetName=+1.05V Pin=C36-2
Removed Pin From Net: NetName=GND Pin=C37-1
Removed Pin From Net: NetName=+1.05V Pin=C37-2
Removed Pin From Net: NetName=GND Pin=C38-1
Removed Pin From Net: NetName=+1.05V Pin=C38-2
Removed Pin From Net: NetName=GND Pin=C39-1
Removed Pin From Net: NetName=+1.05V Pin=C39-2
Removed Pin From Net: NetName=GND Pin=C40-1
Removed Pin From Net: NetName=+1.05V Pin=C40-2
Removed Pin From Net: NetName=GND Pin=C41-1
Removed Pin From Net: NetName=+1.05V Pin=C41-2
Removed Pin From Net: NetName=GND Pin=C42-1
Removed Pin From Net: NetName=+1.05V Pin=C42-2
Removed Pin From Net: NetName=GND Pin=C43-1
Removed Pin From Net: NetName=+1.05V Pin=C43-2
Removed Pin From Net: NetName=GND Pin=C44-1
Removed Pin From Net: NetName=+1.05V Pin=C44-2
Removed Pin From Net: NetName=GND Pin=C45-1
Removed Pin From Net: NetName=+1.8V Pin=C45-2
Removed Pin From Net: NetName=GND Pin=C46-1
Removed Pin From Net: NetName=+1.8V Pin=C46-2
Removed Pin From Net: NetName=GND Pin=C47-1
Removed Pin From Net: NetName=+1.8V Pin=C47-2
Removed Pin From Net: NetName=GND Pin=C48-1
Removed Pin From Net: NetName=+1.8V Pin=C48-2
Removed Pin From Net: NetName=GND Pin=C49-1
Removed Pin From Net: NetName=+1.8V Pin=C49-2
Removed Pin From Net: NetName=GND Pin=C50-1
Removed Pin From Net: NetName=+2.8V Pin=C50-2
Removed Pin From Net: NetName=GND Pin=C51-1
Removed Pin From Net: NetName=+2.8V Pin=C51-2
Removed Pin From Net: NetName=GND Pin=C52-1
Removed Pin From Net: NetName=+2.8V Pin=C52-2
Removed Pin From Net: NetName=GND Pin=C53-1
Removed Pin From Net: NetName=+2.8V Pin=C53-2
Removed Pin From Net: NetName=GND Pin=C54-1
Removed Pin From Net: NetName=+1.8V Pin=C54-2
Removed Pin From Net: NetName=GND Pin=C55-1
Removed Pin From Net: NetName=+1.8V Pin=C55-2
Removed Pin From Net: NetName=GND Pin=C56-1
Removed Pin From Net: NetName=+1.8V Pin=C56-2
Removed Pin From Net: NetName=GND Pin=C57-1
Removed Pin From Net: NetName=+1.8V Pin=C57-2
Removed Pin From Net: NetName=GND Pin=C58-1
Removed Pin From Net: NetName=+1.8V Pin=C58-2
Removed Pin From Net: NetName=GND Pin=C59-1
Removed Pin From Net: NetName=+2.8V Pin=C59-2
Removed Pin From Net: NetName=GND Pin=C60-1
Removed Pin From Net: NetName=+2.8V Pin=C60-2
Removed Pin From Net: NetName=GND Pin=C61-1
Removed Pin From Net: NetName=+2.8V Pin=C61-2
Removed Pin From Net: NetName=GND Pin=C62-1
Removed Pin From Net: NetName=+2.8V Pin=C62-2
Removed Pin From Net: NetName=GND Pin=C63-1
Removed Pin From Net: NetName=+1.8V Pin=C63-2
Removed Pin From Net: NetName=GND Pin=C64-1
Removed Pin From Net: NetName=+1.8V Pin=C64-2
Removed Pin From Net: NetName=GND Pin=C65-1
Removed Pin From Net: NetName=+1.8V Pin=C65-2
Removed Pin From Net: NetName=GND Pin=C66-1
Removed Pin From Net: NetName=+1.8V Pin=C66-2
Removed Pin From Net: NetName=GND Pin=C67-1
Removed Pin From Net: NetName=+1.8V Pin=C67-2
Removed Pin From Net: NetName=GND Pin=C68-1
Removed Pin From Net: NetName=+2.8V Pin=C68-2
Removed Pin From Net: NetName=GND Pin=C69-1
Removed Pin From Net: NetName=+2.8V Pin=C69-2
Removed Pin From Net: NetName=GND Pin=C70-1
Removed Pin From Net: NetName=+2.8V Pin=C70-2
Removed Pin From Net: NetName=GND Pin=C71-1
Removed Pin From Net: NetName=+2.8V Pin=C71-2
Removed Pin From Net: NetName=GND Pin=C72-1
Removed Pin From Net: NetName=+1.8V Pin=C72-2
Removed Pin From Net: NetName=GND Pin=C73-1
Removed Pin From Net: NetName=+1.8V Pin=C73-2
Removed Pin From Net: NetName=GND Pin=C74-1
Removed Pin From Net: NetName=+1.8V Pin=C74-2
Removed Pin From Net: NetName=GND Pin=C75-1
Removed Pin From Net: NetName=+1.8V Pin=C75-2
Removed Pin From Net: NetName=GND Pin=C76-1
Removed Pin From Net: NetName=+1.8V Pin=C76-2
Removed Pin From Net: NetName=GND Pin=C77-1
Removed Pin From Net: NetName=+2.8V Pin=C77-2
Removed Pin From Net: NetName=GND Pin=C78-1
Removed Pin From Net: NetName=+2.8V Pin=C78-2
Removed Pin From Net: NetName=GND Pin=C79-1
Removed Pin From Net: NetName=+2.8V Pin=C79-2
Removed Pin From Net: NetName=GND Pin=C80-1
Removed Pin From Net: NetName=+2.8V Pin=C80-2
Removed Pin From Net: NetName=SEN_0_nOFF Pin=R21-1
Removed Pin From Net: NetName=+1.8V Pin=R21-2
Removed Pin From Net: NetName=SEN_1_nOFF Pin=R22-1
Removed Pin From Net: NetName=+1.8V Pin=R22-2
Removed Pin From Net: NetName=SEN_2_nOFF Pin=R23-1
Removed Pin From Net: NetName=+1.8V Pin=R23-2
Removed Pin From Net: NetName=SEN_3_nOFF Pin=R24-1
Removed Pin From Net: NetName=+1.8V Pin=R24-2
Removed Pin From Net: NetName=+1.05V Pin=U6-A2
Removed Pin From Net: NetName=CAM_CK_P Pin=U6-A6
Removed Pin From Net: NetName=CAM_D1_P Pin=U6-A7
Removed Pin From Net: NetName=CAM_D0_P Pin=U6-A8
Removed Pin From Net: NetName=SEN_0_CLK Pin=U6-A9
Removed Pin From Net: NetName=SEN_0_nOFF Pin=U6-A10
Removed Pin From Net: NetName=GND Pin=U6-A11
Removed Pin From Net: NetName=GND Pin=U6-B1
Removed Pin From Net: NetName=+1.8V Pin=U6-B2
Removed Pin From Net: NetName=+1.05V Pin=U6-B3
Removed Pin From Net: NetName=CAM_CK_N Pin=U6-B6
Removed Pin From Net: NetName=CAM_D1_N Pin=U6-B7
Removed Pin From Net: NetName=CAM_D0_N Pin=U6-B8
Removed Pin From Net: NetName=+1.05V Pin=U6-B9
Removed Pin From Net: NetName=+1.8V Pin=U6-B10
Removed Pin From Net: NetName=+1.05V Pin=U6-B11
Removed Pin From Net: NetName=GND Pin=U6-C2
Removed Pin From Net: NetName=SEN_0_GPIO0 Pin=U6-D1
Removed Pin From Net: NetName=SEN_0_GPIO1 Pin=U6-D2
Removed Pin From Net: NetName=GND Pin=U6-D4
Removed Pin From Net: NetName=GND Pin=U6-D5
Removed Pin From Net: NetName=GND Pin=U6-D6
Removed Pin From Net: NetName=GND Pin=U6-D7
Removed Pin From Net: NetName=GND Pin=U6-D8
Removed Pin From Net: NetName=SEN_0_GPIO2 Pin=U6-E1
Removed Pin From Net: NetName=GND Pin=U6-E4
Removed Pin From Net: NetName=GND Pin=U6-E5
Removed Pin From Net: NetName=GND Pin=U6-E6
Removed Pin From Net: NetName=GND Pin=U6-E7
Removed Pin From Net: NetName=GND Pin=U6-E8
Removed Pin From Net: NetName=+1.05V Pin=U6-F1
Removed Pin From Net: NetName=GND Pin=U6-F2
Removed Pin From Net: NetName=GND Pin=U6-F4
Removed Pin From Net: NetName=GND Pin=U6-F5
Removed Pin From Net: NetName=GND Pin=U6-F6
Removed Pin From Net: NetName=GND Pin=U6-F7
Removed Pin From Net: NetName=GND Pin=U6-F8
Removed Pin From Net: NetName=+2.8V Pin=U6-G1
Removed Pin From Net: NetName=GND Pin=U6-G2
Removed Pin From Net: NetName=+1.8V Pin=U6-H1
Removed Pin From Net: NetName=GND Pin=U6-H2
Removed Pin From Net: NetName=GND Pin=U6-H3
Removed Pin From Net: NetName=+1.8V Pin=U6-H4
Removed Pin From Net: NetName=GND Pin=U6-H5
Removed Pin From Net: NetName=SEN_0_SDA Pin=U6-H6
Removed Pin From Net: NetName=+1.05V Pin=U6-H7
Removed Pin From Net: NetName=+1.8V Pin=U6-H8
Removed Pin From Net: NetName=+1.8V Pin=U6-H9
Removed Pin From Net: NetName=+1.05V Pin=U6-H11
Removed Pin From Net: NetName=GND Pin=U6-J1
Removed Pin From Net: NetName=+2.8V Pin=U6-J2
Removed Pin From Net: NetName=+2.8V Pin=U6-J3
Removed Pin From Net: NetName=GND Pin=U6-J4
Removed Pin From Net: NetName=GND Pin=U6-J5
Removed Pin From Net: NetName=SEN_0_SCL Pin=U6-J6
Removed Pin From Net: NetName=+2.8V Pin=U6-J7
Removed Pin From Net: NetName=+2.8V Pin=U6-J9
Removed Pin From Net: NetName=+1.05V Pin=U6-J10
Removed Pin From Net: NetName=GND Pin=U6-J11
Removed Pin From Net: NetName=+1.05V Pin=U7-A2
Removed Pin From Net: NetName=CAM_CK_P Pin=U7-A6
Removed Pin From Net: NetName=CAM_D1_P Pin=U7-A7
Removed Pin From Net: NetName=CAM_D0_P Pin=U7-A8
Removed Pin From Net: NetName=SEN_1_CLK Pin=U7-A9
Removed Pin From Net: NetName=SEN_1_nOFF Pin=U7-A10
Removed Pin From Net: NetName=GND Pin=U7-A11
Removed Pin From Net: NetName=GND Pin=U7-B1
Removed Pin From Net: NetName=+1.8V Pin=U7-B2
Removed Pin From Net: NetName=+1.05V Pin=U7-B3
Removed Pin From Net: NetName=CAM_CK_N Pin=U7-B6
Removed Pin From Net: NetName=CAM_D1_N Pin=U7-B7
Removed Pin From Net: NetName=CAM_D0_N Pin=U7-B8
Removed Pin From Net: NetName=+1.05V Pin=U7-B9
Removed Pin From Net: NetName=+1.8V Pin=U7-B10
Removed Pin From Net: NetName=+1.05V Pin=U7-B11
Removed Pin From Net: NetName=GND Pin=U7-C2
Removed Pin From Net: NetName=SEN_1_GPIO0 Pin=U7-D1
Removed Pin From Net: NetName=SEN_1_GPIO1 Pin=U7-D2
Removed Pin From Net: NetName=GND Pin=U7-D4
Removed Pin From Net: NetName=GND Pin=U7-D5
Removed Pin From Net: NetName=GND Pin=U7-D6
Removed Pin From Net: NetName=GND Pin=U7-D7
Removed Pin From Net: NetName=GND Pin=U7-D8
Removed Pin From Net: NetName=SEN_1_GPIO2 Pin=U7-E1
Removed Pin From Net: NetName=GND Pin=U7-E4
Removed Pin From Net: NetName=GND Pin=U7-E5
Removed Pin From Net: NetName=GND Pin=U7-E6
Removed Pin From Net: NetName=GND Pin=U7-E7
Removed Pin From Net: NetName=GND Pin=U7-E8
Removed Pin From Net: NetName=+1.05V Pin=U7-F1
Removed Pin From Net: NetName=GND Pin=U7-F2
Removed Pin From Net: NetName=GND Pin=U7-F4
Removed Pin From Net: NetName=GND Pin=U7-F5
Removed Pin From Net: NetName=GND Pin=U7-F6
Removed Pin From Net: NetName=GND Pin=U7-F7
Removed Pin From Net: NetName=GND Pin=U7-F8
Removed Pin From Net: NetName=+2.8V Pin=U7-G1
Removed Pin From Net: NetName=GND Pin=U7-G2
Removed Pin From Net: NetName=+1.8V Pin=U7-H1
Removed Pin From Net: NetName=GND Pin=U7-H2
Removed Pin From Net: NetName=GND Pin=U7-H3
Removed Pin From Net: NetName=+1.8V Pin=U7-H4
Removed Pin From Net: NetName=GND Pin=U7-H5
Removed Pin From Net: NetName=SEN_1_SDA Pin=U7-H6
Removed Pin From Net: NetName=+1.05V Pin=U7-H7
Removed Pin From Net: NetName=+1.8V Pin=U7-H8
Removed Pin From Net: NetName=+1.8V Pin=U7-H9
Removed Pin From Net: NetName=+1.05V Pin=U7-H11
Removed Pin From Net: NetName=GND Pin=U7-J1
Removed Pin From Net: NetName=+2.8V Pin=U7-J2
Removed Pin From Net: NetName=+2.8V Pin=U7-J3
Removed Pin From Net: NetName=GND Pin=U7-J4
Removed Pin From Net: NetName=GND Pin=U7-J5
Removed Pin From Net: NetName=SEN_1_SCL Pin=U7-J6
Removed Pin From Net: NetName=+2.8V Pin=U7-J7
Removed Pin From Net: NetName=+2.8V Pin=U7-J9
Removed Pin From Net: NetName=+1.05V Pin=U7-J10
Removed Pin From Net: NetName=GND Pin=U7-J11
Removed Pin From Net: NetName=+1.05V Pin=U8-A2
Removed Pin From Net: NetName=CAM_CK_P Pin=U8-A6
Removed Pin From Net: NetName=CAM_D1_P Pin=U8-A7
Removed Pin From Net: NetName=CAM_D0_P Pin=U8-A8
Removed Pin From Net: NetName=SEN_2_CLK Pin=U8-A9
Removed Pin From Net: NetName=SEN_2_nOFF Pin=U8-A10
Removed Pin From Net: NetName=GND Pin=U8-A11
Removed Pin From Net: NetName=GND Pin=U8-B1
Removed Pin From Net: NetName=+1.8V Pin=U8-B2
Removed Pin From Net: NetName=+1.05V Pin=U8-B3
Removed Pin From Net: NetName=CAM_CK_N Pin=U8-B6
Removed Pin From Net: NetName=CAM_D1_N Pin=U8-B7
Removed Pin From Net: NetName=CAM_D0_N Pin=U8-B8
Removed Pin From Net: NetName=+1.05V Pin=U8-B9
Removed Pin From Net: NetName=+1.8V Pin=U8-B10
Removed Pin From Net: NetName=+1.05V Pin=U8-B11
Removed Pin From Net: NetName=GND Pin=U8-C2
Removed Pin From Net: NetName=SEN_2_GPIO0 Pin=U8-D1
Removed Pin From Net: NetName=SEN_2_GPIO1 Pin=U8-D2
Removed Pin From Net: NetName=GND Pin=U8-D4
Removed Pin From Net: NetName=GND Pin=U8-D5
Removed Pin From Net: NetName=GND Pin=U8-D6
Removed Pin From Net: NetName=GND Pin=U8-D7
Removed Pin From Net: NetName=GND Pin=U8-D8
Removed Pin From Net: NetName=SEN_2_GPIO2 Pin=U8-E1
Removed Pin From Net: NetName=GND Pin=U8-E4
Removed Pin From Net: NetName=GND Pin=U8-E5
Removed Pin From Net: NetName=GND Pin=U8-E6
Removed Pin From Net: NetName=GND Pin=U8-E7
Removed Pin From Net: NetName=GND Pin=U8-E8
Removed Pin From Net: NetName=+1.05V Pin=U8-F1
Removed Pin From Net: NetName=GND Pin=U8-F2
Removed Pin From Net: NetName=GND Pin=U8-F4
Removed Pin From Net: NetName=GND Pin=U8-F5
Removed Pin From Net: NetName=GND Pin=U8-F6
Removed Pin From Net: NetName=GND Pin=U8-F7
Removed Pin From Net: NetName=GND Pin=U8-F8
Removed Pin From Net: NetName=+2.8V Pin=U8-G1
Removed Pin From Net: NetName=GND Pin=U8-G2
Removed Pin From Net: NetName=+1.8V Pin=U8-H1
Removed Pin From Net: NetName=GND Pin=U8-H2
Removed Pin From Net: NetName=GND Pin=U8-H3
Removed Pin From Net: NetName=+1.8V Pin=U8-H4
Removed Pin From Net: NetName=GND Pin=U8-H5
Removed Pin From Net: NetName=SEN_2_SDA Pin=U8-H6
Removed Pin From Net: NetName=+1.05V Pin=U8-H7
Removed Pin From Net: NetName=+1.8V Pin=U8-H8
Removed Pin From Net: NetName=+1.8V Pin=U8-H9
Removed Pin From Net: NetName=+1.05V Pin=U8-H11
Removed Pin From Net: NetName=GND Pin=U8-J1
Removed Pin From Net: NetName=+2.8V Pin=U8-J2
Removed Pin From Net: NetName=+2.8V Pin=U8-J3
Removed Pin From Net: NetName=GND Pin=U8-J4
Removed Pin From Net: NetName=GND Pin=U8-J5
Removed Pin From Net: NetName=SEN_2_SCL Pin=U8-J6
Removed Pin From Net: NetName=+2.8V Pin=U8-J7
Removed Pin From Net: NetName=+2.8V Pin=U8-J9
Removed Pin From Net: NetName=+1.05V Pin=U8-J10
Removed Pin From Net: NetName=GND Pin=U8-J11
Removed Pin From Net: NetName=+1.05V Pin=U9-A2
Removed Pin From Net: NetName=CAM_CK_P Pin=U9-A6
Removed Pin From Net: NetName=CAM_D1_P Pin=U9-A7
Removed Pin From Net: NetName=CAM_D0_P Pin=U9-A8
Removed Pin From Net: NetName=SEN_3_CLK Pin=U9-A9
Removed Pin From Net: NetName=SEN_3_nOFF Pin=U9-A10
Removed Pin From Net: NetName=GND Pin=U9-A11
Removed Pin From Net: NetName=GND Pin=U9-B1
Removed Pin From Net: NetName=+1.8V Pin=U9-B2
Removed Pin From Net: NetName=+1.05V Pin=U9-B3
Removed Pin From Net: NetName=CAM_CK_N Pin=U9-B6
Removed Pin From Net: NetName=CAM_D1_N Pin=U9-B7
Removed Pin From Net: NetName=CAM_D0_N Pin=U9-B8
Removed Pin From Net: NetName=+1.05V Pin=U9-B9
Removed Pin From Net: NetName=+1.8V Pin=U9-B10
Removed Pin From Net: NetName=+1.05V Pin=U9-B11
Removed Pin From Net: NetName=GND Pin=U9-C2
Removed Pin From Net: NetName=SEN_3_GPIO0 Pin=U9-D1
Removed Pin From Net: NetName=SEN_3_GPIO1 Pin=U9-D2
Removed Pin From Net: NetName=GND Pin=U9-D4
Removed Pin From Net: NetName=GND Pin=U9-D5
Removed Pin From Net: NetName=GND Pin=U9-D6
Removed Pin From Net: NetName=GND Pin=U9-D7
Removed Pin From Net: NetName=GND Pin=U9-D8
Removed Pin From Net: NetName=SEN_3_GPIO2 Pin=U9-E1
Removed Pin From Net: NetName=GND Pin=U9-E4
Removed Pin From Net: NetName=GND Pin=U9-E5
Removed Pin From Net: NetName=GND Pin=U9-E6
Removed Pin From Net: NetName=GND Pin=U9-E7
Removed Pin From Net: NetName=GND Pin=U9-E8
Removed Pin From Net: NetName=+1.05V Pin=U9-F1
Removed Pin From Net: NetName=GND Pin=U9-F2
Removed Pin From Net: NetName=GND Pin=U9-F4
Removed Pin From Net: NetName=GND Pin=U9-F5
Removed Pin From Net: NetName=GND Pin=U9-F6
Removed Pin From Net: NetName=GND Pin=U9-F7
Removed Pin From Net: NetName=GND Pin=U9-F8
Removed Pin From Net: NetName=+2.8V Pin=U9-G1
Removed Pin From Net: NetName=GND Pin=U9-G2
Removed Pin From Net: NetName=+1.8V Pin=U9-H1
Removed Pin From Net: NetName=GND Pin=U9-H2
Removed Pin From Net: NetName=GND Pin=U9-H3
Removed Pin From Net: NetName=+1.8V Pin=U9-H4
Removed Pin From Net: NetName=GND Pin=U9-H5
Removed Pin From Net: NetName=SEN_3_SDA Pin=U9-H6
Removed Pin From Net: NetName=+1.05V Pin=U9-H7
Removed Pin From Net: NetName=+1.8V Pin=U9-H8
Removed Pin From Net: NetName=+1.8V Pin=U9-H9
Removed Pin From Net: NetName=+1.05V Pin=U9-H11
Removed Pin From Net: NetName=GND Pin=U9-J1
Removed Pin From Net: NetName=+2.8V Pin=U9-J2
Removed Pin From Net: NetName=+2.8V Pin=U9-J3
Removed Pin From Net: NetName=GND Pin=U9-J4
Removed Pin From Net: NetName=GND Pin=U9-J5
Removed Pin From Net: NetName=SEN_3_SCL Pin=U9-J6
Removed Pin From Net: NetName=+2.8V Pin=U9-J7
Removed Pin From Net: NetName=+2.8V Pin=U9-J9
Removed Pin From Net: NetName=+1.05V Pin=U9-J10
Removed Pin From Net: NetName=GND Pin=U9-J11
Removed Member From Class: ClassName=SENSOR Member=R21
Removed Member From Class: ClassName=SENSOR Member=R22
Removed Member From Class: ClassName=SENSOR Member=R23
Removed Member From Class: ClassName=SENSOR Member=R24
Removed Member From Class: ClassName=CONNECTOR Member=R25
Removed Member From Class: ClassName=SENSOR Member=U6
Removed Member From Class: ClassName=SENSOR Member=U7
Removed Member From Class: ClassName=SENSOR Member=U8
Removed Member From Class: ClassName=SENSOR Member=U9
Change Component Footprint: Designator=U6 Old Footprint=BGA78C100P11X9_1300X1050X210 New Footprint=SOP65P640X120-24N
Change Component Footprint: Designator=U8 Old Footprint=BGA78C100P11X9_1300X1050X210 New Footprint=SOT236
Change Component Footprint: Designator=U9 Old Footprint=BGA78C100P11X9_1300X1050X210 New Footprint=SOT236
Change Component Footprint: Designator=U7 Old Footprint=BGA78C100P11X9_1300X1050X210 New Footprint=TSSOP20_SOT360-1_NXP
Change Component Comment : Designator=C17 Old Comment=2.2uF/6.3V New Comment=0.22uF/16V
Change Component Comment : Designator=C18 Old Comment=2.2uF/6.3V New Comment=0.22uF/16V
Change Component Comment : Designator=R23 Old Comment=4.7k New Comment=22R
Change Component Comment : Designator=U8 Old Comment=AR2020 New Comment=NL7SZ97DFT2G-Q
Change Component Comment : Designator=U9 Old Comment=AR2020 New Comment=NL7SZ97DFT2G-Q
Change Component Comment : Designator=U7 Old Comment=AR2020 New Comment=PCA9544APW,118
Change Component Comment : Designator=U6 Old Comment=AR2020 New Comment=TCA6416APWR
Change Component Comment : Designator=H1 Old Comment=M3 New Comment=M2
Change Component Comment : Designator=H2 Old Comment=M3 New Comment=M2
Change Component Comment : Designator=H3 Old Comment=M3 New Comment=M2
Change Component Comment : Designator=H4 Old Comment=M3 New Comment=M2
Change Component Designator: OldDesignator=C4 NewDesignator=C5
Change Component Designator: OldDesignator=C5 NewDesignator=C6
Change Component Designator: OldDesignator=C7 NewDesignator=C3
Change Component Designator: OldDesignator=C8 NewDesignator=C4
Change Component Designator: OldDesignator=C10 NewDesignator=C9
Change Component Designator: OldDesignator=C11 NewDesignator=C10
Change Component Designator: OldDesignator=C15 NewDesignator=C7
Change Component Designator: OldDesignator=C16 NewDesignator=C8
Change Component Designator: OldDesignator=C81 NewDesignator=C19
Change Component Designator: OldDesignator=C82 NewDesignator=C20
Change Component Designator: OldDesignator=C83 NewDesignator=C21
Change Component Designator: OldDesignator=C84 NewDesignator=C22
Change Component Designator: OldDesignator=C85 NewDesignator=C23
Change Component Designator: OldDesignator=C86 NewDesignator=C24
Change Component Designator: OldDesignator=C87 NewDesignator=C25
Change Component Designator: OldDesignator=C88 NewDesignator=C26
Change Component Designator: OldDesignator=R1 NewDesignator=R2
Change Component Designator: OldDesignator=R2 NewDesignator=R4
Change Component Designator: OldDesignator=R3 NewDesignator=R24
Change Component Designator: OldDesignator=R4 NewDesignator=R25
Change Component Designator: OldDesignator=R5 NewDesignator=R26
Change Component Designator: OldDesignator=R6 NewDesignator=R27
Change Component Designator: OldDesignator=R7 NewDesignator=R28
Change Component Designator: OldDesignator=R8 NewDesignator=R29
Change Component Designator: OldDesignator=R9 NewDesignator=R30
Change Component Designator: OldDesignator=R10 NewDesignator=R31
Change Component Designator: OldDesignator=R11 NewDesignator=R32
Change Component Designator: OldDesignator=R12 NewDesignator=R33
Change Component Designator: OldDesignator=R13 NewDesignator=R34
Change Component Designator: OldDesignator=R14 NewDesignator=R35
Change Component Designator: OldDesignator=R15 NewDesignator=R36
Change Component Designator: OldDesignator=R16 NewDesignator=R37
Change Component Designator: OldDesignator=R17 NewDesignator=R38
Change Component Designator: OldDesignator=R18 NewDesignator=R39
Change Component Designator: OldDesignator=R19 NewDesignator=R40
Change Component Designator: OldDesignator=R20 NewDesignator=R41
Change Component Designator: OldDesignator=R25 NewDesignator=R1
Change Component Designator: OldDesignator=R26 NewDesignator=R3
Change Component Designator: OldDesignator=R27 NewDesignator=R5
Change Component Designator: OldDesignator=U3 NewDesignator=U4
Change Component Designator: OldDesignator=U4 NewDesignator=U3
Change Component Designator: OldDesignator=U10 NewDesignator=U12
Change Component Designator: OldDesignator=U11 NewDesignator=U13
Change Component Designator: OldDesignator=U12 NewDesignator=U14
Change Component Designator: OldDesignator=U13 NewDesignator=U15
Change Component Designator: OldDesignator=U14 NewDesignator=U16
Change Component Designator: OldDesignator=U15 NewDesignator=U17
Change Component Designator: OldDesignator=Y1 NewDesignator=Y2
Added Component: Designator=C11(CAP_C_1005X60)
Add component (AddParameter): Name = "Value"; Value = "33pF"; VariantName = "[No Variations]"
Added Component: Designator=C12(CAP_C_1005X60)
Add component (AddParameter): Name = "Value"; Value = "33pF"; VariantName = "[No Variations]"
Added Component: Designator=C13(CAP_C_1005X60)
Add component (AddParameter): Name = "Value"; Value = "33pF"; VariantName = "[No Variations]"
Added Component: Designator=C14(CAP_C_1005X60)
Add component (AddParameter): Name = "Value"; Value = "33pF"; VariantName = "[No Variations]"
Added Component: Designator=C15(CAP_C_1005X60)
Add component (AddParameter): Name = "Value"; Value = "33pF"; VariantName = "[No Variations]"
Added Component: Designator=C16(CAP_C_1005X60)
Add component (AddParameter): Name = "Value"; Value = "33pF"; VariantName = "[No Variations]"
Added Component: Designator=J2(CONN24_6p32X1p85)
Add component (AddParameter): Name = "Mfr_Name"; Value = "Hirose"; VariantName = "[No Variations]"
Add component (AddParameter): Name = "RefDes"; Value = "RefDes"; VariantName = "[No Variations]"
Add component (AddParameter): Name = "Type"; Value = "Type"; VariantName = "[No Variations]"
Added Component: Designator=J3(CONN24_6p32X1p85)
Add component (AddParameter): Name = "Mfr_Name"; Value = "Hirose"; VariantName = "[No Variations]"
Add component (AddParameter): Name = "RefDes"; Value = "RefDes"; VariantName = "[No Variations]"
Add component (AddParameter): Name = "Type"; Value = "Type"; VariantName = "[No Variations]"
Added Component: Designator=R6(RES_C_1005X40)
Add component (AddParameter): Name = "Class"; Value = "Passive"; VariantName = "[No Variations]"
Add component (AddParameter): Name = "Manufacturer"; Value = "Generic Components"; VariantName = "[No Variations]"
Add component (AddParameter): Name = "Published"; Value = "08/06/2000"; VariantName = "[No Variations]"
Add component (AddParameter): Name = "Publisher"; Value = "Altium Hobart Technology Centre"; VariantName = "[No Variations]"
Added Component: Designator=R7(RES_C_1005X40)
Add component (AddParameter): Name = "Class"; Value = "Passive"; VariantName = "[No Variations]"
Add component (AddParameter): Name = "Manufacturer"; Value = "Generic Components"; VariantName = "[No Variations]"
Add component (AddParameter): Name = "Published"; Value = "08/06/2000"; VariantName = "[No Variations]"
Add component (AddParameter): Name = "Publisher"; Value = "Altium Hobart Technology Centre"; VariantName = "[No Variations]"
Added Component: Designator=R8(RES_C_1005X40)
Add component (AddParameter): Name = "Class"; Value = "Passive"; VariantName = "[No Variations]"
Add component (AddParameter): Name = "Manufacturer"; Value = "Generic Components"; VariantName = "[No Variations]"
Add component (AddParameter): Name = "Published"; Value = "08/06/2000"; VariantName = "[No Variations]"
Add component (AddParameter): Name = "Publisher"; Value = "Altium Hobart Technology Centre"; VariantName = "[No Variations]"
Added Component: Designator=R9(RES_C_1005X40)
Add component (AddParameter): Name = "Class"; Value = "Passive"; VariantName = "[No Variations]"
Add component (AddParameter): Name = "Manufacturer"; Value = "Generic Components"; VariantName = "[No Variations]"
Add component (AddParameter): Name = "Published"; Value = "08/06/2000"; VariantName = "[No Variations]"
Add component (AddParameter): Name = "Publisher"; Value = "Altium Hobart Technology Centre"; VariantName = "[No Variations]"
Added Component: Designator=R10(RES_C_1005X40)
Add component (AddParameter): Name = "Class"; Value = "Passive"; VariantName = "[No Variations]"
Add component (AddParameter): Name = "Manufacturer"; Value = "Generic Components"; VariantName = "[No Variations]"
Add component (AddParameter): Name = "Published"; Value = "08/06/2000"; VariantName = "[No Variations]"
Add component (AddParameter): Name = "Publisher"; Value = "Altium Hobart Technology Centre"; VariantName = "[No Variations]"
Added Component: Designator=R11(RES_C_1005X40)
Add component (AddParameter): Name = "Class"; Value = "Passive"; VariantName = "[No Variations]"
Add component (AddParameter): Name = "Manufacturer"; Value = "Generic Components"; VariantName = "[No Variations]"
Add component (AddParameter): Name = "Published"; Value = "08/06/2000"; VariantName = "[No Variations]"
Add component (AddParameter): Name = "Publisher"; Value = "Altium Hobart Technology Centre"; VariantName = "[No Variations]"
Added Component: Designator=R12(RES_C_1005X40)
Add component (AddParameter): Name = "Class"; Value = "Passive"; VariantName = "[No Variations]"
Add component (AddParameter): Name = "Manufacturer"; Value = "Generic Components"; VariantName = "[No Variations]"
Add component (AddParameter): Name = "Published"; Value = "08/06/2000"; VariantName = "[No Variations]"
Add component (AddParameter): Name = "Publisher"; Value = "Altium Hobart Technology Centre"; VariantName = "[No Variations]"
Added Component: Designator=R13(RES_C_1005X40)
Add component (AddParameter): Name = "Class"; Value = "Passive"; VariantName = "[No Variations]"
Add component (AddParameter): Name = "Manufacturer"; Value = "Generic Components"; VariantName = "[No Variations]"
Add component (AddParameter): Name = "Published"; Value = "08/06/2000"; VariantName = "[No Variations]"
Add component (AddParameter): Name = "Publisher"; Value = "Altium Hobart Technology Centre"; VariantName = "[No Variations]"
Added Component: Designator=R14(RES_C_1005X40)
Add component (AddParameter): Name = "Class"; Value = "Passive"; VariantName = "[No Variations]"
Add component (AddParameter): Name = "Manufacturer"; Value = "Generic Components"; VariantName = "[No Variations]"
Add component (AddParameter): Name = "Published"; Value = "08/06/2000"; VariantName = "[No Variations]"
Add component (AddParameter): Name = "Publisher"; Value = "Altium Hobart Technology Centre"; VariantName = "[No Variations]"
Added Component: Designator=R15(RES_C_1005X40)
Add component (AddParameter): Name = "Class"; Value = "Passive"; VariantName = "[No Variations]"
Add component (AddParameter): Name = "Manufacturer"; Value = "Generic Components"; VariantName = "[No Variations]"
Add component (AddParameter): Name = "Published"; Value = "08/06/2000"; VariantName = "[No Variations]"
Add component (AddParameter): Name = "Publisher"; Value = "Altium Hobart Technology Centre"; VariantName = "[No Variations]"
Added Component: Designator=R16(RES_C_1005X40)
Add component (AddParameter): Name = "Class"; Value = "Passive"; VariantName = "[No Variations]"
Add component (AddParameter): Name = "Manufacturer"; Value = "Generic Components"; VariantName = "[No Variations]"
Add component (AddParameter): Name = "Published"; Value = "08/06/2000"; VariantName = "[No Variations]"
Add component (AddParameter): Name = "Publisher"; Value = "Altium Hobart Technology Centre"; VariantName = "[No Variations]"
Added Component: Designator=R17(RES_C_1005X40)
Add component (AddParameter): Name = "Class"; Value = "Passive"; VariantName = "[No Variations]"
Add component (AddParameter): Name = "Manufacturer"; Value = "Generic Components"; VariantName = "[No Variations]"
Add component (AddParameter): Name = "Published"; Value = "08/06/2000"; VariantName = "[No Variations]"
Add component (AddParameter): Name = "Publisher"; Value = "Altium Hobart Technology Centre"; VariantName = "[No Variations]"
Added Component: Designator=R18(RES_C_1005X40)
Add component (AddParameter): Name = "Class"; Value = "Passive"; VariantName = "[No Variations]"
Add component (AddParameter): Name = "Manufacturer"; Value = "Generic Components"; VariantName = "[No Variations]"
Add component (AddParameter): Name = "Published"; Value = "08/06/2000"; VariantName = "[No Variations]"
Add component (AddParameter): Name = "Publisher"; Value = "Altium Hobart Technology Centre"; VariantName = "[No Variations]"
Added Component: Designator=R19(RES_C_1005X40)
Add component (AddParameter): Name = "Class"; Value = "Passive"; VariantName = "[No Variations]"
Add component (AddParameter): Name = "Manufacturer"; Value = "Generic Components"; VariantName = "[No Variations]"
Add component (AddParameter): Name = "Published"; Value = "08/06/2000"; VariantName = "[No Variations]"
Add component (AddParameter): Name = "Publisher"; Value = "Altium Hobart Technology Centre"; VariantName = "[No Variations]"
Added Component: Designator=R20(RES_C_1005X40)
Add component (AddParameter): Name = "Class"; Value = "Passive"; VariantName = "[No Variations]"
Add component (AddParameter): Name = "Manufacturer"; Value = "Generic Components"; VariantName = "[No Variations]"
Add component (AddParameter): Name = "Published"; Value = "08/06/2000"; VariantName = "[No Variations]"
Add component (AddParameter): Name = "Publisher"; Value = "Altium Hobart Technology Centre"; VariantName = "[No Variations]"
Added Component: Designator=U10(SOT236)
Added Component: Designator=U11(SOT236)
Added Component: Designator=Y1(OSCDFN250X200X89-4N)
Added Pin To Net: NetName=GND Pin=C11-1
Added Pin To Net: NetName=+3.3V Pin=C11-2
Added Pin To Net: NetName=GND Pin=C12-1
Added Pin To Net: NetName=+1.8V Pin=C12-2
Added Pin To Net: NetName=GND Pin=C13-1
Added Pin To Net: NetName=+2.4V Pin=C13-2
Added Pin To Net: NetName=GND Pin=C14-1
Added Pin To Net: NetName=+1.8V Pin=C14-2
Added Pin To Net: NetName=GND Pin=C15-1
Added Pin To Net: NetName=+1.8V Pin=C15-2
Added Pin To Net: NetName=GND Pin=C16-1
Added Pin To Net: NetName=+1.8V Pin=C16-2
Added Pin To Net: NetName=+1.8V Pin=C17-2
Added Pin To Net: NetName=+3.3V Pin=C18-2
Added Pin To Net: NetName=+2.8V Pin=J2-1
Added Pin To Net: NetName=+1.8V Pin=J2-2
Added Pin To Net: NetName=+2.8V Pin=J2-3
Added Pin To Net: NetName=+1.8V Pin=J2-4
Added Pin To Net: NetName=GND Pin=J2-5
Added Pin To Net: NetName=+1.05V Pin=J2-6
Added Pin To Net: NetName=GND Pin=J2-7
Added Pin To Net: NetName=+1.05V Pin=J2-8
Added Pin To Net: NetName=SEN_1_CLK Pin=J2-9
Added Pin To Net: NetName=SEN_0_CLK Pin=J2-10
Added Pin To Net: NetName=SEN_1_SCL Pin=J2-11
Added Pin To Net: NetName=SEN_0_SCL Pin=J2-12
Added Pin To Net: NetName=SEN_1_SDA Pin=J2-13
Added Pin To Net: NetName=SEN_0_SDA Pin=J2-14
Added Pin To Net: NetName=SEN_1_GPIO0 Pin=J2-15
Added Pin To Net: NetName=SEN_0_GPIO0 Pin=J2-16
Added Pin To Net: NetName=SEN_1_GPIO1 Pin=J2-17
Added Pin To Net: NetName=SEN_0_GPIO1 Pin=J2-18
Added Pin To Net: NetName=SEN_1_GPIO2 Pin=J2-19
Added Pin To Net: NetName=SEN_0_GPIO2 Pin=J2-20
Added Pin To Net: NetName=SEN_1_nOFF Pin=J2-21
Added Pin To Net: NetName=SEN_0_nOFF Pin=J2-22
Added Pin To Net: NetName=GND Pin=J2-23
Added Pin To Net: NetName=GND Pin=J2-24
Added Pin To Net: NetName=CAM_CK_P Pin=J3-1
Added Pin To Net: NetName=SEN_2_CLK Pin=J3-2
Added Pin To Net: NetName=CAM_CK_N Pin=J3-3
Added Pin To Net: NetName=SEN_2_SCL Pin=J3-4
Added Pin To Net: NetName=GND Pin=J3-5
Added Pin To Net: NetName=SEN_2_SDA Pin=J3-6
Added Pin To Net: NetName=CAM_D0_P Pin=J3-7
Added Pin To Net: NetName=SEN_2_GPIO0 Pin=J3-8
Added Pin To Net: NetName=CAM_D0_N Pin=J3-9
Added Pin To Net: NetName=SEN_2_GPIO1 Pin=J3-10
Added Pin To Net: NetName=GND Pin=J3-11
Added Pin To Net: NetName=SEN_2_GPIO2 Pin=J3-12
Added Pin To Net: NetName=CAM_D1_P Pin=J3-13
Added Pin To Net: NetName=SEN_2_nOFF Pin=J3-14
Added Pin To Net: NetName=CAM_D1_N Pin=J3-15
Added Pin To Net: NetName=GND Pin=J3-16
Added Pin To Net: NetName=GND Pin=J3-17
Added Pin To Net: NetName=SEN_3_GPIO0 Pin=J3-18
Added Pin To Net: NetName=SEN_3_CLK Pin=J3-19
Added Pin To Net: NetName=SEN_3_GPIO1 Pin=J3-20
Added Pin To Net: NetName=SEN_3_SCL Pin=J3-21
Added Pin To Net: NetName=SEN_3_GPIO2 Pin=J3-22
Added Pin To Net: NetName=SEN_3_SDA Pin=J3-23
Added Pin To Net: NetName=SEN_3_nOFF Pin=J3-24
Added Pin To Net: NetName=+2.4V Pin=R6-1
Added Pin To Net: NetName=SEN_0_SDA Pin=R6-2
Added Pin To Net: NetName=+2.4V Pin=R7-1
Added Pin To Net: NetName=SEN_0_SCL Pin=R7-2
Added Pin To Net: NetName=+2.4V Pin=R8-1
Added Pin To Net: NetName=nINT0 Pin=R8-2
Added Pin To Net: NetName=+2.4V Pin=R9-1
Added Pin To Net: NetName=SEN_1_SDA Pin=R9-2
Added Pin To Net: NetName=+2.4V Pin=R10-1
Added Pin To Net: NetName=SEN_1_SCL Pin=R10-2
Added Pin To Net: NetName=+2.4V Pin=R11-1
Added Pin To Net: NetName=nINT1 Pin=R11-2
Added Pin To Net: NetName=+2.4V Pin=R12-1
Added Pin To Net: NetName=SEN_2_SDA Pin=R12-2
Added Pin To Net: NetName=+2.4V Pin=R13-1
Added Pin To Net: NetName=SEN_2_SCL Pin=R13-2
Added Pin To Net: NetName=+2.4V Pin=R14-1
Added Pin To Net: NetName=nINT2 Pin=R14-2
Added Pin To Net: NetName=+2.4V Pin=R15-1
Added Pin To Net: NetName=SEN_3_SDA Pin=R15-2
Added Pin To Net: NetName=+2.4V Pin=R16-1
Added Pin To Net: NetName=SEN_3_SCL Pin=R16-2
Added Pin To Net: NetName=+2.4V Pin=R17-1
Added Pin To Net: NetName=nINT3 Pin=R17-2
Added Pin To Net: NetName=+3.3V Pin=R18-1
Added Pin To Net: NetName=+2.4V Pin=R19-1
Added Pin To Net: NetName=nINT Pin=R19-2
Added Pin To Net: NetName=+2.4V Pin=R20-1
Added Pin To Net: NetName=CAM_SCL Pin=R20-2
Added Pin To Net: NetName=+2.4V Pin=R21-1
Added Pin To Net: NetName=CAM_SDA Pin=R21-2
Added Pin To Net: NetName=+3.3V Pin=R22-1
Added Pin To Net: NetName=+3.3V Pin=U6-2
Added Pin To Net: NetName=SEN_0_GPIO0 Pin=U6-4
Added Pin To Net: NetName=SEN_1_GPIO0 Pin=U6-5
Added Pin To Net: NetName=SEN_2_GPIO0 Pin=U6-6
Added Pin To Net: NetName=SEN_3_GPIO0 Pin=U6-7
Added Pin To Net: NetName=SEN_0_GPIO1 Pin=U6-8
Added Pin To Net: NetName=SEN_1_GPIO1 Pin=U6-9
Added Pin To Net: NetName=SEN_2_GPIO1 Pin=U6-10
Added Pin To Net: NetName=SEN_3_GPIO1 Pin=U6-11
Added Pin To Net: NetName=GND Pin=U6-12
Added Pin To Net: NetName=SEN_0_GPIO2 Pin=U6-13
Added Pin To Net: NetName=SEN_1_GPIO2 Pin=U6-14
Added Pin To Net: NetName=SEN_2_GPIO2 Pin=U6-15
Added Pin To Net: NetName=SEN_3_GPIO2 Pin=U6-16
Added Pin To Net: NetName=SEN_0_nOFF Pin=U6-17
Added Pin To Net: NetName=SEN_1_nOFF Pin=U6-18
Added Pin To Net: NetName=SEN_2_nOFF Pin=U6-19
Added Pin To Net: NetName=SEN_3_nOFF Pin=U6-20
Added Pin To Net: NetName=GND Pin=U6-21
Added Pin To Net: NetName=CM4_SCL Pin=U6-22
Added Pin To Net: NetName=CM4_SDA Pin=U6-23
Added Pin To Net: NetName=+1.8V Pin=U6-24
Added Pin To Net: NetName=GND Pin=U7-1
Added Pin To Net: NetName=GND Pin=U7-2
Added Pin To Net: NetName=GND Pin=U7-3
Added Pin To Net: NetName=nINT0 Pin=U7-4
Added Pin To Net: NetName=SEN_0_SDA Pin=U7-5
Added Pin To Net: NetName=SEN_0_SCL Pin=U7-6
Added Pin To Net: NetName=nINT1 Pin=U7-7
Added Pin To Net: NetName=SEN_1_SDA Pin=U7-8
Added Pin To Net: NetName=SEN_1_SCL Pin=U7-9
Added Pin To Net: NetName=GND Pin=U7-10
Added Pin To Net: NetName=nINT2 Pin=U7-11
Added Pin To Net: NetName=SEN_2_SDA Pin=U7-12
Added Pin To Net: NetName=SEN_2_SCL Pin=U7-13
Added Pin To Net: NetName=nINT3 Pin=U7-14
Added Pin To Net: NetName=SEN_3_SDA Pin=U7-15
Added Pin To Net: NetName=SEN_3_SCL Pin=U7-16
Added Pin To Net: NetName=nINT Pin=U7-17
Added Pin To Net: NetName=CAM_SCL Pin=U7-18
Added Pin To Net: NetName=CAM_SDA Pin=U7-19
Added Pin To Net: NetName=+2.4V Pin=U7-20
Added Pin To Net: NetName=GND Pin=U8-2
Added Pin To Net: NetName=GND Pin=U8-3
Added Pin To Net: NetName=SEN_0_CLK Pin=U8-4
Added Pin To Net: NetName=+1.8V Pin=U8-5
Added Pin To Net: NetName=GND Pin=U8-6
Added Pin To Net: NetName=GND Pin=U9-2
Added Pin To Net: NetName=GND Pin=U9-3
Added Pin To Net: NetName=SEN_1_CLK Pin=U9-4
Added Pin To Net: NetName=+1.8V Pin=U9-5
Added Pin To Net: NetName=GND Pin=U9-6
Added Pin To Net: NetName=GND Pin=U10-2
Added Pin To Net: NetName=GND Pin=U10-3
Added Pin To Net: NetName=SEN_2_CLK Pin=U10-4
Added Pin To Net: NetName=+1.8V Pin=U10-5
Added Pin To Net: NetName=GND Pin=U10-6
Added Pin To Net: NetName=GND Pin=U11-2
Added Pin To Net: NetName=GND Pin=U11-3
Added Pin To Net: NetName=SEN_3_CLK Pin=U11-4
Added Pin To Net: NetName=+1.8V Pin=U11-5
Added Pin To Net: NetName=GND Pin=U11-6
Added Pin To Net: NetName=+3.3V Pin=Y1-1
Added Pin To Net: NetName=GND Pin=Y1-2
Added Pin To Net: NetName=+3.3V Pin=Y1-4
Change Net Name : Old Net Name=NetR1_1 New Net Name=NetR2_1
Change Net Name : Old Net Name=NetR2_1 New Net Name=NetR4_1
Change Net Name : Old Net Name=NetR15_2 New Net Name=NetR36_2
Change Net Name : Old Net Name=NetR19_2 New Net Name=NetR40_2
Change Net Name : Old Net Name=NetR20_1 New Net Name=NetR41_1
Change Net Name : Old Net Name=NetR20_2 New Net Name=NetR41_2
Change Net Name : Old Net Name=NetR25_1 New Net Name=NetR1_1
Change Net Name : Old Net Name=NetR26_1 New Net Name=NetR3_1
Change Net Name : Old Net Name=NetR27_1 New Net Name=NetR5_1
Added Pin To Net: NetName=NetR18_2 Pin=R18-2
Added Pin To Net: NetName=NetR18_2 Pin=U6-1
Added Net: Name=NetR18_2
Added Pin To Net: NetName=NetR22_2 Pin=R22-2
Added Pin To Net: NetName=NetR22_2 Pin=U6-3
Added Net: Name=NetR22_2
Added Pin To Net: NetName=NetR23_1 Pin=R23-1
Added Pin To Net: NetName=NetR23_1 Pin=U8-1
Added Pin To Net: NetName=NetR23_1 Pin=U9-1
Added Pin To Net: NetName=NetR23_1 Pin=U10-1
Added Pin To Net: NetName=NetR23_1 Pin=U11-1
Added Net: Name=NetR23_1
Added Pin To Net: NetName=NetR23_2 Pin=R23-2
Added Pin To Net: NetName=NetR23_2 Pin=Y1-3
Added Net: Name=NetR23_2
Added Member To Class: ClassName=CONNECTOR Member=Component C6 4.7uF/10V
Added Member To Class: ClassName=CONNECTOR Member=Component C11 0.22uF/16V
Added Member To Class: ClassName=CONNECTOR Member=Component C12 0.22uF/16V
Added Member To Class: ClassName=CONNECTOR Member=Component C13 0.22uF/16V
Added Member To Class: ClassName=CONNECTOR Member=Component C14 0.22uF/16V
Added Member To Class: ClassName=CONNECTOR Member=Component C15 0.22uF/16V
Added Member To Class: ClassName=CONNECTOR Member=Component C17 0.22uF/16V
Added Member To Class: ClassName=CONNECTOR Member=Component C18 0.22uF/16V
Added Member To Class: ClassName=CONNECTOR Member=Component J2 DF40C-24DP-0.4V51
Added Member To Class: ClassName=CONNECTOR Member=Component J3 DF40C-24DP-0.4V51
Added Member To Class: ClassName=CONNECTOR Member=Component R4 10k
Added Member To Class: ClassName=CONNECTOR Member=Component R6 4.7k
Added Member To Class: ClassName=CONNECTOR Member=Component R7 4.7k
Added Member To Class: ClassName=CONNECTOR Member=Component R8 4.7k
Added Member To Class: ClassName=CONNECTOR Member=Component R9 4.7k
Added Member To Class: ClassName=CONNECTOR Member=Component R10 4.7k
Added Member To Class: ClassName=CONNECTOR Member=Component R11 4.7k
Added Member To Class: ClassName=CONNECTOR Member=Component R12 4.7k
Added Member To Class: ClassName=CONNECTOR Member=Component R13 4.7k
Added Member To Class: ClassName=CONNECTOR Member=Component R14 4.7k
Added Member To Class: ClassName=CONNECTOR Member=Component R15 4.7k
Added Member To Class: ClassName=CONNECTOR Member=Component R16 4.7k
Added Member To Class: ClassName=CONNECTOR Member=Component R17 4.7k
Added Member To Class: ClassName=CONNECTOR Member=Component R18 4.7k
Added Member To Class: ClassName=CONNECTOR Member=Component R19 4.7k
Added Member To Class: ClassName=CONNECTOR Member=Component R20 4.7k
Added Member To Class: ClassName=CONNECTOR Member=Component R21 4.7k
Added Member To Class: ClassName=CONNECTOR Member=Component R22 4.7k
Added Member To Class: ClassName=CONNECTOR Member=Component R23 22R
Added Member To Class: ClassName=CONNECTOR Member=Component U6 TCA6416APWR
Added Member To Class: ClassName=CONNECTOR Member=Component U7 PCA9544APW,118
Added Member To Class: ClassName=CONNECTOR Member=Component U8 NL7SZ97DFT2G-Q
Added Member To Class: ClassName=CONNECTOR Member=Component U9 NL7SZ97DFT2G-Q
Added Member To Class: ClassName=CONNECTOR Member=Component U10 NL7SZ97DFT2G-Q
Added Member To Class: ClassName=CONNECTOR Member=Component U11 NL7SZ97DFT2G-Q
Added Member To Class: ClassName=CONNECTOR Member=Component Y1 DSC1001DL5-027.0000T
