Removed Pin From Net: NetName=GND Pin=C1-1
Removed Pin From Net: NetName=+5V_CAM Pin=C1-2
Removed Pin From Net: NetName=GND Pin=C2-1
Removed Pin From Net: NetName=+3.3V Pin=C2-2
Removed Pin From Net: NetName=+5V_CAM Pin=C5-1
Removed Pin From Net: NetName=GND Pin=C5-2
Removed Pin From Net: NetName=+3.3V Pin=C6-1
Removed Pin From Net: NetName=GND Pin=C6-2
Removed Pin From Net: NetName=+3.3V Pin=U1-2
Removed Pin From Net: NetName=+3.3V Pin=U1-4
Change Component Footprint: Designator=C1 Old Footprint=CAP_C_1005X60 New Footprint=CAP_MP_1608X90
Change Component Footprint: Designator=C2 Old Footprint=CAP_C_1005X60 New Footprint=CAP_MP_1608X90
Change Component Footprint: Designator=C5 Old Footprint=CAP_MP_2012X170 New Footprint=CAP_C_1005X60
Change Component Footprint: Designator=C6 Old Footprint=CAP_MP_2012X170 New Footprint=CAP_C_1005X60
Change Component Footprint: Designator=U1 Old Footprint=TS3B_L New Footprint=SOT230P700X180-4N
Change Component Comment : Designator=C1 Old Comment=0.22uF/16V New Comment=4.7uF/10V
Change Component Comment : Designator=C2 Old Comment=0.22uF/16V New Comment=4.7uF/10V
Change Component Comment : Designator=C5 Old Comment=10uF/16V New Comment=0.22uF/16V
Change Component Comment : Designator=C6 Old Comment=10uF/16V New Comment=0.22uF/16V
Change Component Comment : Designator=U1 Old Comment=LMS1587ISX-3.3/NOPB New Comment=TLV1117LV33DCYR
Change Managed Component Library Link : Designator=U1 Old VaultGUID=B7D15EC3-160A-466F-A46C-7801FE6295A7 New VaultGUID= Old ItemGUID=5260698A-DBEB-4794-B533-03E4BC267192 New ItemGUID= Old RevisionGUID=BE865B36-84C5-48E3-9F72-2BDE124DAE8B New RevisionGUID=
Change component parameters: Designator = "C1" ("C1"); Footprint = "CAP_C_1005X60"; UniqueID = "\CKKCQJVS" ("\CKKCQJVS")
Change component parameters (AddParameter): Name = "LatestRevisionDate"; Value = "17-Jul-2002"; VariantName = "[No Variations]"
Change component parameters (AddParameter): Name = "LatestRevisionNote"; Value = "Re-released for DXP Platform."; VariantName = "[No Variations]"
Change component parameters (AddParameter): Name = "PackageReference"; Value = "POLAR0.8"; VariantName = "[No Variations]"
Change component parameters (AddParameter): Name = "Published"; Value = "8-Jun-2000"; VariantName = "[No Variations]"
Change component parameters (AddParameter): Name = "Publisher"; Value = "Altium Limited"; VariantName = "[No Variations]"
Change component parameters: Designator = "C2" ("C2"); Footprint = "CAP_C_1005X60"; UniqueID = "\KGVNLEFG" ("\KGVNLEFG")
Change component parameters (AddParameter): Name = "LatestRevisionDate"; Value = "17-Jul-2002"; VariantName = "[No Variations]"
Change component parameters (AddParameter): Name = "LatestRevisionNote"; Value = "Re-released for DXP Platform."; VariantName = "[No Variations]"
Change component parameters (AddParameter): Name = "PackageReference"; Value = "POLAR0.8"; VariantName = "[No Variations]"
Change component parameters (AddParameter): Name = "Published"; Value = "8-Jun-2000"; VariantName = "[No Variations]"
Change component parameters (AddParameter): Name = "Publisher"; Value = "Altium Limited"; VariantName = "[No Variations]"
Change component parameters: Designator = "C5" ("C5"); Footprint = "CAP_MP_2012X170"; UniqueID = "\RDDULIDC" ("\RDDULIDC")
Change component parameters (AddParameter): Name = "Value"; Value = "33pF"; VariantName = "[No Variations]"
Change component parameters: Designator = "C6" ("C6"); Footprint = "CAP_MP_2012X170"; UniqueID = "\QLUSJBQQ" ("\QLUSJBQQ")
Change component parameters (AddParameter): Name = "Value"; Value = "33pF"; VariantName = "[No Variations]"
Change component parameters: Designator = "U1" ("U1"); Footprint = "TS3B_L"; UniqueID = "\QSUONBIG" ("\QSUONBIG")
Added Pin To Net: NetName=+5V_CAM Pin=C1-1
Added Pin To Net: NetName=GND Pin=C1-2
Added Pin To Net: NetName=+2.8V Pin=C2-1
Added Pin To Net: NetName=GND Pin=C2-2
Added Pin To Net: NetName=GND Pin=C5-1
Added Pin To Net: NetName=+5V_CAM Pin=C5-2
Added Pin To Net: NetName=GND Pin=C6-1
Added Pin To Net: NetName=+2.8V Pin=C6-2
Added Pin To Net: NetName=+2.8V Pin=U1-4
Add Pin To Net: Unknown Pin: Pin Y1-1
Add Pin To Net: Unknown Pin: Pin Y1-2
Add Pin To Net: Unknown Pin: Pin Y1-3
Add Pin To Net: Unknown Pin: Pin Y1-4
Add Class Member: Failed to add class member : Component Y1 DSC1001DL5-027.0000T
