Added Component: Designator=C1(CAP_C_1005X60)
Add component (AddParameter): Name = "Value"; Value = "33pF"; VariantName = "[No Variations]"
Added Component: Designator=C2(CAP_C_1005X60)
Add component (AddParameter): Name = "Value"; Value = "33pF"; VariantName = "[No Variations]"
Added Component: Designator=C3(CAP_C_1005X60)
Add component (AddParameter): Name = "Value"; Value = "33pF"; VariantName = "[No Variations]"
Added Component: Designator=C4(CAP_C_1005X60)
Add component (AddParameter): Name = "Value"; Value = "33pF"; VariantName = "[No Variations]"
Added Component: Designator=C5(CAP_MP_2012X170)
Add component (AddParameter): Name = "LatestRevisionDate"; Value = "17-Jul-2002"; VariantName = "[No Variations]"
Add component (AddParameter): Name = "LatestRevisionNote"; Value = "Re-released for DXP Platform."; VariantName = "[No Variations]"
Add component (AddParameter): Name = "PackageReference"; Value = "POLAR0.8"; VariantName = "[No Variations]"
Add component (AddParameter): Name = "Published"; Value = "8-Jun-2000"; VariantName = "[No Variations]"
Add component (AddParameter): Name = "Publisher"; Value = "Altium Limited"; VariantName = "[No Variations]"
Added Component: Designator=C6(CAP_MP_2012X170)
Add component (AddParameter): Name = "LatestRevisionDate"; Value = "17-Jul-2002"; VariantName = "[No Variations]"
Add component (AddParameter): Name = "LatestRevisionNote"; Value = "Re-released for DXP Platform."; VariantName = "[No Variations]"
Add component (AddParameter): Name = "PackageReference"; Value = "POLAR0.8"; VariantName = "[No Variations]"
Add component (AddParameter): Name = "Published"; Value = "8-Jun-2000"; VariantName = "[No Variations]"
Add component (AddParameter): Name = "Publisher"; Value = "Altium Limited"; VariantName = "[No Variations]"
Added Component: Designator=C7(CAP_MP_1608X90)
Add component (AddParameter): Name = "LatestRevisionDate"; Value = "17-Jul-2002"; VariantName = "[No Variations]"
Add component (AddParameter): Name = "LatestRevisionNote"; Value = "Re-released for DXP Platform."; VariantName = "[No Variations]"
Add component (AddParameter): Name = "PackageReference"; Value = "POLAR0.8"; VariantName = "[No Variations]"
Add component (AddParameter): Name = "Published"; Value = "8-Jun-2000"; VariantName = "[No Variations]"
Add component (AddParameter): Name = "Publisher"; Value = "Altium Limited"; VariantName = "[No Variations]"
Added Component: Designator=C8(CAP_MP_1608X90)
Add component (AddParameter): Name = "LatestRevisionDate"; Value = "17-Jul-2002"; VariantName = "[No Variations]"
Add component (AddParameter): Name = "LatestRevisionNote"; Value = "Re-released for DXP Platform."; VariantName = "[No Variations]"
Add component (AddParameter): Name = "PackageReference"; Value = "POLAR0.8"; VariantName = "[No Variations]"
Add component (AddParameter): Name = "Published"; Value = "8-Jun-2000"; VariantName = "[No Variations]"
Add component (AddParameter): Name = "Publisher"; Value = "Altium Limited"; VariantName = "[No Variations]"
Added Component: Designator=C9(CAP_C_1005X60)
Add component (AddParameter): Name = "Value"; Value = "33pF"; VariantName = "[No Variations]"
Added Component: Designator=C10(CAP_C_1005X60)
Add component (AddParameter): Name = "Value"; Value = "33pF"; VariantName = "[No Variations]"
Added Component: Designator=C11(CAP_C_1005X60)
Add component (AddParameter): Name = "Value"; Value = "33pF"; VariantName = "[No Variations]"
Added Component: Designator=C12(CAP_C_1005X60)
Add component (AddParameter): Name = "Value"; Value = "33pF"; VariantName = "[No Variations]"
Added Component: Designator=C13(CAP_C_1005X60)
Add component (AddParameter): Name = "Value"; Value = "33pF"; VariantName = "[No Variations]"
Added Component: Designator=C14(CAP_C_1005X60)
Add component (AddParameter): Name = "Value"; Value = "33pF"; VariantName = "[No Variations]"
Added Component: Designator=C15(CAP_MP_1608X90)
Add component (AddParameter): Name = "LatestRevisionDate"; Value = "17-Jul-2002"; VariantName = "[No Variations]"
Add component (AddParameter): Name = "LatestRevisionNote"; Value = "Re-released for DXP Platform."; VariantName = "[No Variations]"
Add component (AddParameter): Name = "PackageReference"; Value = "POLAR0.8"; VariantName = "[No Variations]"
Add component (AddParameter): Name = "Published"; Value = "8-Jun-2000"; VariantName = "[No Variations]"
Add component (AddParameter): Name = "Publisher"; Value = "Altium Limited"; VariantName = "[No Variations]"
Added Component: Designator=C16(CAP_MP_1608X90)
Add component (AddParameter): Name = "LatestRevisionDate"; Value = "17-Jul-2002"; VariantName = "[No Variations]"
Add component (AddParameter): Name = "LatestRevisionNote"; Value = "Re-released for DXP Platform."; VariantName = "[No Variations]"
Add component (AddParameter): Name = "PackageReference"; Value = "POLAR0.8"; VariantName = "[No Variations]"
Add component (AddParameter): Name = "Published"; Value = "8-Jun-2000"; VariantName = "[No Variations]"
Add component (AddParameter): Name = "Publisher"; Value = "Altium Limited"; VariantName = "[No Variations]"
Added Component: Designator=C17(CAP_C_1005X60)
Add component (AddParameter): Name = "Value"; Value = "33pF"; VariantName = "[No Variations]"
Added Component: Designator=C18(CAP_C_1005X60)
Add component (AddParameter): Name = "Value"; Value = "33pF"; VariantName = "[No Variations]"
Added Component: Designator=C19(CAP_C_1005X60)
Add component (AddParameter): Name = "Value"; Value = "33pF"; VariantName = "[No Variations]"
Added Component: Designator=C20(CAP_C_1005X60)
Add component (AddParameter): Name = "Value"; Value = "33pF"; VariantName = "[No Variations]"
Added Component: Designator=C21(CAP_C_1005X60)
Add component (AddParameter): Name = "Value"; Value = "33pF"; VariantName = "[No Variations]"
Added Component: Designator=C22(CAP_C_1005X60)
Add component (AddParameter): Name = "Value"; Value = "33pF"; VariantName = "[No Variations]"
Added Component: Designator=C23(CAP_MP_1608X90)
Add component (AddParameter): Name = "LatestRevisionDate"; Value = "17-Jul-2002"; VariantName = "[No Variations]"
Add component (AddParameter): Name = "LatestRevisionNote"; Value = "Re-released for DXP Platform."; VariantName = "[No Variations]"
Add component (AddParameter): Name = "PackageReference"; Value = "POLAR0.8"; VariantName = "[No Variations]"
Add component (AddParameter): Name = "Published"; Value = "8-Jun-2000"; VariantName = "[No Variations]"
Add component (AddParameter): Name = "Publisher"; Value = "Altium Limited"; VariantName = "[No Variations]"
Added Component: Designator=C24(CAP_MP_1608X90)
Add component (AddParameter): Name = "LatestRevisionDate"; Value = "17-Jul-2002"; VariantName = "[No Variations]"
Add component (AddParameter): Name = "LatestRevisionNote"; Value = "Re-released for DXP Platform."; VariantName = "[No Variations]"
Add component (AddParameter): Name = "PackageReference"; Value = "POLAR0.8"; VariantName = "[No Variations]"
Add component (AddParameter): Name = "Published"; Value = "8-Jun-2000"; VariantName = "[No Variations]"
Add component (AddParameter): Name = "Publisher"; Value = "Altium Limited"; VariantName = "[No Variations]"
Added Component: Designator=C25(CAP_MP_1608X90)
Add component (AddParameter): Name = "LatestRevisionDate"; Value = "17-Jul-2002"; VariantName = "[No Variations]"
Add component (AddParameter): Name = "LatestRevisionNote"; Value = "Re-released for DXP Platform."; VariantName = "[No Variations]"
Add component (AddParameter): Name = "PackageReference"; Value = "POLAR0.8"; VariantName = "[No Variations]"
Add component (AddParameter): Name = "Published"; Value = "8-Jun-2000"; VariantName = "[No Variations]"
Add component (AddParameter): Name = "Publisher"; Value = "Altium Limited"; VariantName = "[No Variations]"
Added Component: Designator=C26(CAP_MP_1608X90)
Add component (AddParameter): Name = "LatestRevisionDate"; Value = "17-Jul-2002"; VariantName = "[No Variations]"
Add component (AddParameter): Name = "LatestRevisionNote"; Value = "Re-released for DXP Platform."; VariantName = "[No Variations]"
Add component (AddParameter): Name = "PackageReference"; Value = "POLAR0.8"; VariantName = "[No Variations]"
Add component (AddParameter): Name = "Published"; Value = "8-Jun-2000"; VariantName = "[No Variations]"
Add component (AddParameter): Name = "Publisher"; Value = "Altium Limited"; VariantName = "[No Variations]"
Added Component: Designator=C27(CAP_C_1005X60)
Add component (AddParameter): Name = "Value"; Value = "33pF"; VariantName = "[No Variations]"
Added Component: Designator=C28(CAP_C_1005X60)
Add component (AddParameter): Name = "Value"; Value = "33pF"; VariantName = "[No Variations]"
Added Component: Designator=C29(CAP_C_1005X60)
Add component (AddParameter): Name = "Value"; Value = "33pF"; VariantName = "[No Variations]"
Added Component: Designator=C30(CAP_C_1005X60)
Add component (AddParameter): Name = "Value"; Value = "33pF"; VariantName = "[No Variations]"
Added Component: Designator=C31(CAP_C_1005X60)
Add component (AddParameter): Name = "Value"; Value = "33pF"; VariantName = "[No Variations]"
Added Component: Designator=C32(CAP_C_1005X60)
Add component (AddParameter): Name = "Value"; Value = "33pF"; VariantName = "[No Variations]"
Added Component: Designator=C33(CAP_C_1005X60)
Add component (AddParameter): Name = "Value"; Value = "33pF"; VariantName = "[No Variations]"
Added Component: Designator=C34(CAP_C_1005X60)
Add component (AddParameter): Name = "Value"; Value = "33pF"; VariantName = "[No Variations]"
Added Component: Designator=C35(CAP_C_1005X60)
Add component (AddParameter): Name = "Value"; Value = "33pF"; VariantName = "[No Variations]"
Added Component: Designator=C36(CAP_C_1005X60)
Add component (AddParameter): Name = "Value"; Value = "33pF"; VariantName = "[No Variations]"
Added Component: Designator=C37(CAP_C_1005X60)
Add component (AddParameter): Name = "Value"; Value = "33pF"; VariantName = "[No Variations]"
Added Component: Designator=C38(CAP_C_1005X60)
Add component (AddParameter): Name = "Value"; Value = "33pF"; VariantName = "[No Variations]"
Added Component: Designator=C39(CAP_C_1005X60)
Add component (AddParameter): Name = "Value"; Value = "33pF"; VariantName = "[No Variations]"
Added Component: Designator=C40(CAP_C_1005X60)
Add component (AddParameter): Name = "Value"; Value = "33pF"; VariantName = "[No Variations]"
Added Component: Designator=C41(CAP_C_1005X60)
Add component (AddParameter): Name = "Value"; Value = "33pF"; VariantName = "[No Variations]"
Added Component: Designator=C42(CAP_C_1005X60)
Add component (AddParameter): Name = "Value"; Value = "33pF"; VariantName = "[No Variations]"
Added Component: Designator=C43(CAP_C_1005X60)
Add component (AddParameter): Name = "Value"; Value = "33pF"; VariantName = "[No Variations]"
Added Component: Designator=C44(CAP_C_1005X60)
Add component (AddParameter): Name = "Value"; Value = "33pF"; VariantName = "[No Variations]"
Added Component: Designator=C45(CAP_C_1005X60)
Add component (AddParameter): Name = "Value"; Value = "33pF"; VariantName = "[No Variations]"
Added Component: Designator=C46(CAP_C_1005X60)
Add component (AddParameter): Name = "Value"; Value = "33pF"; VariantName = "[No Variations]"
Added Component: Designator=C47(CAP_C_1005X60)
Add component (AddParameter): Name = "Value"; Value = "33pF"; VariantName = "[No Variations]"
Added Component: Designator=C48(CAP_C_1005X60)
Add component (AddParameter): Name = "Value"; Value = "33pF"; VariantName = "[No Variations]"
Added Component: Designator=C49(CAP_C_1005X60)
Add component (AddParameter): Name = "Value"; Value = "33pF"; VariantName = "[No Variations]"
Added Component: Designator=C50(CAP_C_1005X60)
Add component (AddParameter): Name = "Value"; Value = "33pF"; VariantName = "[No Variations]"
Added Component: Designator=C51(CAP_C_1005X60)
Add component (AddParameter): Name = "Value"; Value = "33pF"; VariantName = "[No Variations]"
Added Component: Designator=C52(CAP_C_1005X60)
Add component (AddParameter): Name = "Value"; Value = "33pF"; VariantName = "[No Variations]"
Added Component: Designator=C53(CAP_C_1005X60)
Add component (AddParameter): Name = "Value"; Value = "33pF"; VariantName = "[No Variations]"
Added Component: Designator=C54(CAP_C_1005X60)
Add component (AddParameter): Name = "Value"; Value = "33pF"; VariantName = "[No Variations]"
Added Component: Designator=C55(CAP_C_1005X60)
Add component (AddParameter): Name = "Value"; Value = "33pF"; VariantName = "[No Variations]"
Added Component: Designator=C56(CAP_C_1005X60)
Add component (AddParameter): Name = "Value"; Value = "33pF"; VariantName = "[No Variations]"
Added Component: Designator=C57(CAP_C_1005X60)
Add component (AddParameter): Name = "Value"; Value = "33pF"; VariantName = "[No Variations]"
Added Component: Designator=C58(CAP_C_1005X60)
Add component (AddParameter): Name = "Value"; Value = "33pF"; VariantName = "[No Variations]"
Added Component: Designator=C59(CAP_C_1005X60)
Add component (AddParameter): Name = "Value"; Value = "33pF"; VariantName = "[No Variations]"
Added Component: Designator=C60(CAP_C_1005X60)
Add component (AddParameter): Name = "Value"; Value = "33pF"; VariantName = "[No Variations]"
Added Component: Designator=C61(CAP_C_1005X60)
Add component (AddParameter): Name = "Value"; Value = "33pF"; VariantName = "[No Variations]"
Added Component: Designator=C62(CAP_C_1005X60)
Add component (AddParameter): Name = "Value"; Value = "33pF"; VariantName = "[No Variations]"
Added Component: Designator=C63(CAP_C_1005X60)
Add component (AddParameter): Name = "Value"; Value = "33pF"; VariantName = "[No Variations]"
Added Component: Designator=C64(CAP_C_1005X60)
Add component (AddParameter): Name = "Value"; Value = "33pF"; VariantName = "[No Variations]"
Added Component: Designator=C65(CAP_C_1005X60)
Add component (AddParameter): Name = "Value"; Value = "33pF"; VariantName = "[No Variations]"
Added Component: Designator=C66(CAP_C_1005X60)
Add component (AddParameter): Name = "Value"; Value = "33pF"; VariantName = "[No Variations]"
Added Component: Designator=C67(CAP_C_1005X60)
Add component (AddParameter): Name = "Value"; Value = "33pF"; VariantName = "[No Variations]"
Added Component: Designator=C68(CAP_C_1005X60)
Add component (AddParameter): Name = "Value"; Value = "33pF"; VariantName = "[No Variations]"
Added Component: Designator=C69(CAP_C_1005X60)
Add component (AddParameter): Name = "Value"; Value = "33pF"; VariantName = "[No Variations]"
Added Component: Designator=C70(CAP_C_1005X60)
Add component (AddParameter): Name = "Value"; Value = "33pF"; VariantName = "[No Variations]"
Added Component: Designator=C71(CAP_C_1005X60)
Add component (AddParameter): Name = "Value"; Value = "33pF"; VariantName = "[No Variations]"
Added Component: Designator=C72(CAP_C_1005X60)
Add component (AddParameter): Name = "Value"; Value = "33pF"; VariantName = "[No Variations]"
Added Component: Designator=C73(CAP_C_1005X60)
Add component (AddParameter): Name = "Value"; Value = "33pF"; VariantName = "[No Variations]"
Added Component: Designator=C74(CAP_C_1005X60)
Add component (AddParameter): Name = "Value"; Value = "33pF"; VariantName = "[No Variations]"
Added Component: Designator=C75(CAP_C_1005X60)
Add component (AddParameter): Name = "Value"; Value = "33pF"; VariantName = "[No Variations]"
Added Component: Designator=C76(CAP_C_1005X60)
Add component (AddParameter): Name = "Value"; Value = "33pF"; VariantName = "[No Variations]"
Added Component: Designator=C77(CAP_C_1005X60)
Add component (AddParameter): Name = "Value"; Value = "33pF"; VariantName = "[No Variations]"
Added Component: Designator=C78(CAP_C_1005X60)
Add component (AddParameter): Name = "Value"; Value = "33pF"; VariantName = "[No Variations]"
Added Component: Designator=C79(CAP_C_1005X60)
Add component (AddParameter): Name = "Value"; Value = "33pF"; VariantName = "[No Variations]"
Added Component: Designator=C80(CAP_C_1005X60)
Add component (AddParameter): Name = "Value"; Value = "33pF"; VariantName = "[No Variations]"
Added Component: Designator=C81(CAP_C_1005X60)
Add component (AddParameter): Name = "Value"; Value = "33pF"; VariantName = "[No Variations]"
Added Component: Designator=C82(CAP_C_1005X60)
Add component (AddParameter): Name = "Value"; Value = "33pF"; VariantName = "[No Variations]"
Added Component: Designator=C83(CAP_C_1005X60)
Add component (AddParameter): Name = "Value"; Value = "33pF"; VariantName = "[No Variations]"
Added Component: Designator=C84(CAP_C_1005X60)
Add component (AddParameter): Name = "Value"; Value = "33pF"; VariantName = "[No Variations]"
Added Component: Designator=C85(CAP_C_1005X60)
Add component (AddParameter): Name = "Value"; Value = "33pF"; VariantName = "[No Variations]"
Added Component: Designator=C86(CAP_C_1005X60)
Add component (AddParameter): Name = "Value"; Value = "33pF"; VariantName = "[No Variations]"
Added Component: Designator=C87(CAP_C_1005X60)
Add component (AddParameter): Name = "Value"; Value = "33pF"; VariantName = "[No Variations]"
Added Component: Designator=C88(CAP_C_1005X60)
Add component (AddParameter): Name = "Value"; Value = "33pF"; VariantName = "[No Variations]"
Add Component: Footprint Not Found 0532611571
Added Component: Designator=R1(RES_C_1608X60)
Add component (AddParameter): Name = "Class"; Value = "Passive"; VariantName = "[No Variations]"
Add component (AddParameter): Name = "Manufacturer"; Value = "Generic Components"; VariantName = "[No Variations]"
Add component (AddParameter): Name = "Published"; Value = "08/06/2000"; VariantName = "[No Variations]"
Add component (AddParameter): Name = "Publisher"; Value = "Altium Hobart Technology Centre"; VariantName = "[No Variations]"
Added Component: Designator=R2(RES_C_1608X60)
Add component (AddParameter): Name = "Class"; Value = "Passive"; VariantName = "[No Variations]"
Add component (AddParameter): Name = "Manufacturer"; Value = "Generic Components"; VariantName = "[No Variations]"
Add component (AddParameter): Name = "Published"; Value = "08/06/2000"; VariantName = "[No Variations]"
Add component (AddParameter): Name = "Publisher"; Value = "Altium Hobart Technology Centre"; VariantName = "[No Variations]"
Added Component: Designator=R3(RES_C_1608X60)
Add component (AddParameter): Name = "Class"; Value = "Passive"; VariantName = "[No Variations]"
Add component (AddParameter): Name = "Manufacturer"; Value = "Generic Components"; VariantName = "[No Variations]"
Add component (AddParameter): Name = "Published"; Value = "08/06/2000"; VariantName = "[No Variations]"
Add component (AddParameter): Name = "Publisher"; Value = "Altium Hobart Technology Centre"; VariantName = "[No Variations]"
Added Component: Designator=R4(RES_C_1608X60)
Add component (AddParameter): Name = "Class"; Value = "Passive"; VariantName = "[No Variations]"
Add component (AddParameter): Name = "Manufacturer"; Value = "Generic Components"; VariantName = "[No Variations]"
Add component (AddParameter): Name = "Published"; Value = "08/06/2000"; VariantName = "[No Variations]"
Add component (AddParameter): Name = "Publisher"; Value = "Altium Hobart Technology Centre"; VariantName = "[No Variations]"
Added Component: Designator=R5(RES_C_1608X60)
Add component (AddParameter): Name = "Class"; Value = "Passive"; VariantName = "[No Variations]"
Add component (AddParameter): Name = "Manufacturer"; Value = "Generic Components"; VariantName = "[No Variations]"
Add component (AddParameter): Name = "Published"; Value = "08/06/2000"; VariantName = "[No Variations]"
Add component (AddParameter): Name = "Publisher"; Value = "Altium Hobart Technology Centre"; VariantName = "[No Variations]"
Added Component: Designator=R6(RES_C_1608X60)
Add component (AddParameter): Name = "Class"; Value = "Passive"; VariantName = "[No Variations]"
Add component (AddParameter): Name = "Manufacturer"; Value = "Generic Components"; VariantName = "[No Variations]"
Add component (AddParameter): Name = "Published"; Value = "08/06/2000"; VariantName = "[No Variations]"
Add component (AddParameter): Name = "Publisher"; Value = "Altium Hobart Technology Centre"; VariantName = "[No Variations]"
Added Component: Designator=R7(RES_C_1608X60)
Add component (AddParameter): Name = "Class"; Value = "Passive"; VariantName = "[No Variations]"
Add component (AddParameter): Name = "Manufacturer"; Value = "Generic Components"; VariantName = "[No Variations]"
Add component (AddParameter): Name = "Published"; Value = "08/06/2000"; VariantName = "[No Variations]"
Add component (AddParameter): Name = "Publisher"; Value = "Altium Hobart Technology Centre"; VariantName = "[No Variations]"
Added Component: Designator=R8(RES_C_1608X60)
Add component (AddParameter): Name = "Class"; Value = "Passive"; VariantName = "[No Variations]"
Add component (AddParameter): Name = "Manufacturer"; Value = "Generic Components"; VariantName = "[No Variations]"
Add component (AddParameter): Name = "Published"; Value = "08/06/2000"; VariantName = "[No Variations]"
Add component (AddParameter): Name = "Publisher"; Value = "Altium Hobart Technology Centre"; VariantName = "[No Variations]"
Added Component: Designator=R9(RES_C_1608X60)
Add component (AddParameter): Name = "Class"; Value = "Passive"; VariantName = "[No Variations]"
Add component (AddParameter): Name = "Manufacturer"; Value = "Generic Components"; VariantName = "[No Variations]"
Add component (AddParameter): Name = "Published"; Value = "08/06/2000"; VariantName = "[No Variations]"
Add component (AddParameter): Name = "Publisher"; Value = "Altium Hobart Technology Centre"; VariantName = "[No Variations]"
Added Component: Designator=R10(RES_C_1608X60)
Add component (AddParameter): Name = "Class"; Value = "Passive"; VariantName = "[No Variations]"
Add component (AddParameter): Name = "Manufacturer"; Value = "Generic Components"; VariantName = "[No Variations]"
Add component (AddParameter): Name = "Published"; Value = "08/06/2000"; VariantName = "[No Variations]"
Add component (AddParameter): Name = "Publisher"; Value = "Altium Hobart Technology Centre"; VariantName = "[No Variations]"
Added Component: Designator=R11(RES_C_1608X60)
Add component (AddParameter): Name = "Class"; Value = "Passive"; VariantName = "[No Variations]"
Add component (AddParameter): Name = "Manufacturer"; Value = "Generic Components"; VariantName = "[No Variations]"
Add component (AddParameter): Name = "Published"; Value = "08/06/2000"; VariantName = "[No Variations]"
Add component (AddParameter): Name = "Publisher"; Value = "Altium Hobart Technology Centre"; VariantName = "[No Variations]"
Added Component: Designator=R12(RES_C_1608X60)
Add component (AddParameter): Name = "Class"; Value = "Passive"; VariantName = "[No Variations]"
Add component (AddParameter): Name = "Manufacturer"; Value = "Generic Components"; VariantName = "[No Variations]"
Add component (AddParameter): Name = "Published"; Value = "08/06/2000"; VariantName = "[No Variations]"
Add component (AddParameter): Name = "Publisher"; Value = "Altium Hobart Technology Centre"; VariantName = "[No Variations]"
Added Component: Designator=R13(RES_C_1608X60)
Add component (AddParameter): Name = "Class"; Value = "Passive"; VariantName = "[No Variations]"
Add component (AddParameter): Name = "Manufacturer"; Value = "Generic Components"; VariantName = "[No Variations]"
Add component (AddParameter): Name = "Published"; Value = "08/06/2000"; VariantName = "[No Variations]"
Add component (AddParameter): Name = "Publisher"; Value = "Altium Hobart Technology Centre"; VariantName = "[No Variations]"
Added Component: Designator=R14(RES_C_1608X60)
Add component (AddParameter): Name = "Class"; Value = "Passive"; VariantName = "[No Variations]"
Add component (AddParameter): Name = "Manufacturer"; Value = "Generic Components"; VariantName = "[No Variations]"
Add component (AddParameter): Name = "Published"; Value = "08/06/2000"; VariantName = "[No Variations]"
Add component (AddParameter): Name = "Publisher"; Value = "Altium Hobart Technology Centre"; VariantName = "[No Variations]"
Added Component: Designator=R15(RES_C_1608X60)
Add component (AddParameter): Name = "Class"; Value = "Passive"; VariantName = "[No Variations]"
Add component (AddParameter): Name = "Manufacturer"; Value = "Generic Components"; VariantName = "[No Variations]"
Add component (AddParameter): Name = "Published"; Value = "08/06/2000"; VariantName = "[No Variations]"
Add component (AddParameter): Name = "Publisher"; Value = "Altium Hobart Technology Centre"; VariantName = "[No Variations]"
Added Component: Designator=R16(RES_C_1608X60)
Add component (AddParameter): Name = "Class"; Value = "Passive"; VariantName = "[No Variations]"
Add component (AddParameter): Name = "Manufacturer"; Value = "Generic Components"; VariantName = "[No Variations]"
Add component (AddParameter): Name = "Published"; Value = "08/06/2000"; VariantName = "[No Variations]"
Add component (AddParameter): Name = "Publisher"; Value = "Altium Hobart Technology Centre"; VariantName = "[No Variations]"
Added Component: Designator=R17(RES_C_1608X60)
Add component (AddParameter): Name = "Class"; Value = "Passive"; VariantName = "[No Variations]"
Add component (AddParameter): Name = "Manufacturer"; Value = "Generic Components"; VariantName = "[No Variations]"
Add component (AddParameter): Name = "Published"; Value = "08/06/2000"; VariantName = "[No Variations]"
Add component (AddParameter): Name = "Publisher"; Value = "Altium Hobart Technology Centre"; VariantName = "[No Variations]"
Added Component: Designator=R18(RES_C_1608X60)
Add component (AddParameter): Name = "Class"; Value = "Passive"; VariantName = "[No Variations]"
Add component (AddParameter): Name = "Manufacturer"; Value = "Generic Components"; VariantName = "[No Variations]"
Add component (AddParameter): Name = "Published"; Value = "08/06/2000"; VariantName = "[No Variations]"
Add component (AddParameter): Name = "Publisher"; Value = "Altium Hobart Technology Centre"; VariantName = "[No Variations]"
Added Component: Designator=R19(RES_C_1608X60)
Add component (AddParameter): Name = "Class"; Value = "Passive"; VariantName = "[No Variations]"
Add component (AddParameter): Name = "Manufacturer"; Value = "Generic Components"; VariantName = "[No Variations]"
Add component (AddParameter): Name = "Published"; Value = "08/06/2000"; VariantName = "[No Variations]"
Add component (AddParameter): Name = "Publisher"; Value = "Altium Hobart Technology Centre"; VariantName = "[No Variations]"
Added Component: Designator=R20(RES_C_1608X60)
Add component (AddParameter): Name = "Class"; Value = "Passive"; VariantName = "[No Variations]"
Add component (AddParameter): Name = "Manufacturer"; Value = "Generic Components"; VariantName = "[No Variations]"
Add component (AddParameter): Name = "Published"; Value = "08/06/2000"; VariantName = "[No Variations]"
Add component (AddParameter): Name = "Publisher"; Value = "Altium Hobart Technology Centre"; VariantName = "[No Variations]"
Added Component: Designator=R21(RES_C_1608X60)
Add component (AddParameter): Name = "Class"; Value = "Passive"; VariantName = "[No Variations]"
Add component (AddParameter): Name = "Manufacturer"; Value = "Generic Components"; VariantName = "[No Variations]"
Add component (AddParameter): Name = "Published"; Value = "08/06/2000"; VariantName = "[No Variations]"
Add component (AddParameter): Name = "Publisher"; Value = "Altium Hobart Technology Centre"; VariantName = "[No Variations]"
Added Component: Designator=R22(RES_C_1608X60)
Add component (AddParameter): Name = "Class"; Value = "Passive"; VariantName = "[No Variations]"
Add component (AddParameter): Name = "Manufacturer"; Value = "Generic Components"; VariantName = "[No Variations]"
Add component (AddParameter): Name = "Published"; Value = "08/06/2000"; VariantName = "[No Variations]"
Add component (AddParameter): Name = "Publisher"; Value = "Altium Hobart Technology Centre"; VariantName = "[No Variations]"
Added Component: Designator=R23(RES_C_1608X60)
Add component (AddParameter): Name = "Class"; Value = "Passive"; VariantName = "[No Variations]"
Add component (AddParameter): Name = "Manufacturer"; Value = "Generic Components"; VariantName = "[No Variations]"
Add component (AddParameter): Name = "Published"; Value = "08/06/2000"; VariantName = "[No Variations]"
Add component (AddParameter): Name = "Publisher"; Value = "Altium Hobart Technology Centre"; VariantName = "[No Variations]"
Added Component: Designator=R24(RES_C_1608X60)
Add component (AddParameter): Name = "Class"; Value = "Passive"; VariantName = "[No Variations]"
Add component (AddParameter): Name = "Manufacturer"; Value = "Generic Components"; VariantName = "[No Variations]"
Add component (AddParameter): Name = "Published"; Value = "08/06/2000"; VariantName = "[No Variations]"
Add component (AddParameter): Name = "Publisher"; Value = "Altium Hobart Technology Centre"; VariantName = "[No Variations]"
Added Component: Designator=U1(TS3B_L)
Add component (AddParameter): Name = "Code_JEDEC"; Value = "MO-169-AA"; VariantName = "[No Variations]"
Add component (AddParameter): Name = "ComponentLink1Description"; Value = "Manufacturer URL"; VariantName = "[No Variations]"
Add component (AddParameter): Name = "ComponentLink1URL"; Value = "http://www.national.com/"; VariantName = "[No Variations]"
Add component (AddParameter): Name = "ComponentLink2Description"; Value = "LMS1587 Datasheet"; VariantName = "[No Variations]"
Add component (AddParameter): Name = "ComponentLink2URL"; Value = "http://www.national.com/ds/LM/LMS1587.pdf"; VariantName = "[No Variations]"
Add component (AddParameter): Name = "ComponentLink3Description"; Value = "LMS1587 Web Page"; VariantName = "[No Variations]"
Add component (AddParameter): Name = "ComponentLink3URL"; Value = "http://www.national.com/pf/LM/LMS1587.html"; VariantName = "[No Variations]"
Add component (AddParameter): Name = "ComponentLink4Description"; Value = "TS3B Package Page"; VariantName = "[No Variations]"
Add component (AddParameter): Name = "ComponentLink4URL"; Value = "http://www.national.com/packaging/folders/ts3b.html"; VariantName = "[No Variations]"
Add component (AddParameter): Name = "CompType"; Value = "LDO IC"; VariantName = "[No Variations]"
Add component (AddParameter): Name = "DatasheetVersion"; Value = "Jun-2005"; VariantName = "[No Variations]"
Add component (AddParameter): Name = "High-Reliability"; Value = "Y"; VariantName = "[No Variations]"
Add component (AddParameter): Name = "Manufacturer"; Value = "National Semiconductor"; VariantName = "[No Variations]"
Add component (AddParameter): Name = "PackageDescription"; Value = "TO-263, Molded, .400 x .390 x .180in, 3 Lead, .1in Pitch, Surface Mount"; VariantName = "[No Variations]"
Add component (AddParameter): Name = "PackageReference"; Value = "TS3B"; VariantName = "[No Variations]"
Add component (AddParameter): Name = "PackageTopMarking"; Value = "NSUZXYTTE#*LMS1587*IS-3.3"; VariantName = "[No Variations]"
Add component (AddParameter): Name = "PackageVersion"; Value = "revF, Apr-2005"; VariantName = "[No Variations]"
Add component (AddParameter): Name = "PartNumber"; Value = "LMS1587ISX-3.3/NOPB"; VariantName = "[No Variations]"
Add component (AddParameter): Name = "PinCount"; Value = "3"; VariantName = "[No Variations]"
Add component (AddParameter): Name = "PowerWise"; Value = "N"; VariantName = "[No Variations]"
Add component (AddParameter): Name = "RevisionNote"; Value = "SCH symbol layout adjusted"; VariantName = "[No Variations]"
Add component (AddParameter): Name = "RoHS"; Value = "Y"; VariantName = "[No Variations]"
Added Component: Designator=U2(DBV0005A-MFG)
Added Component: Designator=U3(SOT25)
Added Component: Designator=U4(SOT230P700X180-4N)
Added Component: Designator=U5(SOT230P700X180-4N)
Added Component: Designator=U6(BGA78C100P11X9_1300X1050X210)
Added Component: Designator=U7(BGA78C100P11X9_1300X1050X210)
Added Component: Designator=U8(BGA78C100P11X9_1300X1050X210)
Added Component: Designator=U9(BGA78C100P11X9_1300X1050X210)
Added Pin To Net: NetName=+1.05V Pin=C9-2
Added Pin To Net: NetName=+1.05V Pin=C16-1
Added Pin To Net: NetName=+1.05V Pin=C17-2
Added Pin To Net: NetName=+1.05V Pin=C18-2
Added Pin To Net: NetName=+1.05V Pin=C19-2
Added Pin To Net: NetName=+1.05V Pin=C20-2
Added Pin To Net: NetName=+1.05V Pin=C21-2
Added Pin To Net: NetName=+1.05V Pin=C22-2
Added Pin To Net: NetName=+1.05V Pin=C27-2
Added Pin To Net: NetName=+1.05V Pin=C28-2
Added Pin To Net: NetName=+1.05V Pin=C29-2
Added Pin To Net: NetName=+1.05V Pin=C30-2
Added Pin To Net: NetName=+1.05V Pin=C31-2
Added Pin To Net: NetName=+1.05V Pin=C32-2
Added Pin To Net: NetName=+1.05V Pin=C33-2
Added Pin To Net: NetName=+1.05V Pin=C34-2
Added Pin To Net: NetName=+1.05V Pin=C35-2
Added Pin To Net: NetName=+1.05V Pin=C36-2
Added Pin To Net: NetName=+1.05V Pin=C37-2
Added Pin To Net: NetName=+1.05V Pin=C38-2
Added Pin To Net: NetName=+1.05V Pin=C39-2
Added Pin To Net: NetName=+1.05V Pin=C40-2
Added Pin To Net: NetName=+1.05V Pin=C41-2
Added Pin To Net: NetName=+1.05V Pin=C42-2
Added Pin To Net: NetName=+1.05V Pin=C43-2
Added Pin To Net: NetName=+1.05V Pin=C44-2
Added Pin To Net: NetName=+1.05V Pin=U3-5
Added Pin To Net: NetName=+1.05V Pin=U6-A2
Added Pin To Net: NetName=+1.05V Pin=U6-B3
Added Pin To Net: NetName=+1.05V Pin=U6-B9
Added Pin To Net: NetName=+1.05V Pin=U6-B11
Added Pin To Net: NetName=+1.05V Pin=U6-F1
Added Pin To Net: NetName=+1.05V Pin=U6-H7
Added Pin To Net: NetName=+1.05V Pin=U6-H11
Added Pin To Net: NetName=+1.05V Pin=U6-J10
Added Pin To Net: NetName=+1.05V Pin=U7-A2
Added Pin To Net: NetName=+1.05V Pin=U7-B3
Added Pin To Net: NetName=+1.05V Pin=U7-B9
Added Pin To Net: NetName=+1.05V Pin=U7-B11
Added Pin To Net: NetName=+1.05V Pin=U7-F1
Added Pin To Net: NetName=+1.05V Pin=U7-H7
Added Pin To Net: NetName=+1.05V Pin=U7-H11
Added Pin To Net: NetName=+1.05V Pin=U7-J10
Added Pin To Net: NetName=+1.05V Pin=U8-A2
Added Pin To Net: NetName=+1.05V Pin=U8-B3
Added Pin To Net: NetName=+1.05V Pin=U8-B9
Added Pin To Net: NetName=+1.05V Pin=U8-B11
Added Pin To Net: NetName=+1.05V Pin=U8-F1
Added Pin To Net: NetName=+1.05V Pin=U8-H7
Added Pin To Net: NetName=+1.05V Pin=U8-H11
Added Pin To Net: NetName=+1.05V Pin=U8-J10
Added Pin To Net: NetName=+1.05V Pin=U9-A2
Added Pin To Net: NetName=+1.05V Pin=U9-B3
Added Pin To Net: NetName=+1.05V Pin=U9-B9
Added Pin To Net: NetName=+1.05V Pin=U9-B11
Added Pin To Net: NetName=+1.05V Pin=U9-F1
Added Pin To Net: NetName=+1.05V Pin=U9-H7
Added Pin To Net: NetName=+1.05V Pin=U9-H11
Added Pin To Net: NetName=+1.05V Pin=U9-J10
Added Net: Name=+1.05V
Added Pin To Net: NetName=+1.8V Pin=C14-2
Added Pin To Net: NetName=+1.8V Pin=C26-1
Added Pin To Net: NetName=+1.8V Pin=C45-2
Added Pin To Net: NetName=+1.8V Pin=C46-2
Added Pin To Net: NetName=+1.8V Pin=C47-2
Added Pin To Net: NetName=+1.8V Pin=C48-2
Added Pin To Net: NetName=+1.8V Pin=C49-2
Added Pin To Net: NetName=+1.8V Pin=C54-2
Added Pin To Net: NetName=+1.8V Pin=C55-2
Added Pin To Net: NetName=+1.8V Pin=C56-2
Added Pin To Net: NetName=+1.8V Pin=C57-2
Added Pin To Net: NetName=+1.8V Pin=C58-2
Added Pin To Net: NetName=+1.8V Pin=C63-2
Added Pin To Net: NetName=+1.8V Pin=C64-2
Added Pin To Net: NetName=+1.8V Pin=C65-2
Added Pin To Net: NetName=+1.8V Pin=C66-2
Added Pin To Net: NetName=+1.8V Pin=C67-2
Added Pin To Net: NetName=+1.8V Pin=C72-2
Added Pin To Net: NetName=+1.8V Pin=C73-2
Added Pin To Net: NetName=+1.8V Pin=C74-2
Added Pin To Net: NetName=+1.8V Pin=C75-2
Added Pin To Net: NetName=+1.8V Pin=C76-2
Added Pin To Net: NetName=+1.8V Pin=C82-2
Added Pin To Net: NetName=+1.8V Pin=C84-2
Added Pin To Net: NetName=+1.8V Pin=C85-2
Added Pin To Net: NetName=+1.8V Pin=C86-2
Added Pin To Net: NetName=+1.8V Pin=C87-2
Added Pin To Net: NetName=+1.8V Pin=R21-2
Added Pin To Net: NetName=+1.8V Pin=R22-2
Added Pin To Net: NetName=+1.8V Pin=R23-2
Added Pin To Net: NetName=+1.8V Pin=R24-2
Added Pin To Net: NetName=+1.8V Pin=U5-4
Added Pin To Net: NetName=+1.8V Pin=U6-B2
Added Pin To Net: NetName=+1.8V Pin=U6-B10
Added Pin To Net: NetName=+1.8V Pin=U6-H1
Added Pin To Net: NetName=+1.8V Pin=U6-H4
Added Pin To Net: NetName=+1.8V Pin=U6-H8
Added Pin To Net: NetName=+1.8V Pin=U6-H9
Added Pin To Net: NetName=+1.8V Pin=U7-B2
Added Pin To Net: NetName=+1.8V Pin=U7-B10
Added Pin To Net: NetName=+1.8V Pin=U7-H1
Added Pin To Net: NetName=+1.8V Pin=U7-H4
Added Pin To Net: NetName=+1.8V Pin=U7-H8
Added Pin To Net: NetName=+1.8V Pin=U7-H9
Added Pin To Net: NetName=+1.8V Pin=U8-B2
Added Pin To Net: NetName=+1.8V Pin=U8-B10
Added Pin To Net: NetName=+1.8V Pin=U8-H1
Added Pin To Net: NetName=+1.8V Pin=U8-H4
Added Pin To Net: NetName=+1.8V Pin=U8-H8
Added Pin To Net: NetName=+1.8V Pin=U8-H9
Added Pin To Net: NetName=+1.8V Pin=U9-B2
Added Pin To Net: NetName=+1.8V Pin=U9-B10
Added Pin To Net: NetName=+1.8V Pin=U9-H1
Added Pin To Net: NetName=+1.8V Pin=U9-H4
Added Pin To Net: NetName=+1.8V Pin=U9-H8
Added Pin To Net: NetName=+1.8V Pin=U9-H9
Added Net: Name=+1.8V
Added Pin To Net: NetName=+2.4V Pin=C8-1
Added Pin To Net: NetName=+2.4V Pin=C12-2
Added Pin To Net: NetName=+2.4V Pin=C83-2
Added Pin To Net: NetName=+2.4V Pin=R3-1
Added Pin To Net: NetName=+2.4V Pin=R4-1
Added Pin To Net: NetName=+2.4V Pin=R5-1
Added Pin To Net: NetName=+2.4V Pin=R6-1
Added Pin To Net: NetName=+2.4V Pin=R7-1
Added Pin To Net: NetName=+2.4V Pin=R8-1
Added Pin To Net: NetName=+2.4V Pin=R9-1
Added Pin To Net: NetName=+2.4V Pin=R10-1
Added Pin To Net: NetName=+2.4V Pin=R11-1
Added Pin To Net: NetName=+2.4V Pin=R12-1
Added Pin To Net: NetName=+2.4V Pin=R13-1
Added Pin To Net: NetName=+2.4V Pin=R14-1
Added Pin To Net: NetName=+2.4V Pin=R16-1
Added Pin To Net: NetName=+2.4V Pin=R17-1
Added Pin To Net: NetName=+2.4V Pin=R18-1
Added Pin To Net: NetName=+2.4V Pin=U2-5
Added Net: Name=+2.4V
Added Pin To Net: NetName=+2.8V Pin=C11-2
Added Pin To Net: NetName=+2.8V Pin=C24-1
Added Pin To Net: NetName=+2.8V Pin=C50-2
Added Pin To Net: NetName=+2.8V Pin=C51-2
Added Pin To Net: NetName=+2.8V Pin=C52-2
Added Pin To Net: NetName=+2.8V Pin=C53-2
Added Pin To Net: NetName=+2.8V Pin=C59-2
Added Pin To Net: NetName=+2.8V Pin=C60-2
Added Pin To Net: NetName=+2.8V Pin=C61-2
Added Pin To Net: NetName=+2.8V Pin=C62-2
Added Pin To Net: NetName=+2.8V Pin=C68-2
Added Pin To Net: NetName=+2.8V Pin=C69-2
Added Pin To Net: NetName=+2.8V Pin=C70-2
Added Pin To Net: NetName=+2.8V Pin=C71-2
Added Pin To Net: NetName=+2.8V Pin=C77-2
Added Pin To Net: NetName=+2.8V Pin=C78-2
Added Pin To Net: NetName=+2.8V Pin=C79-2
Added Pin To Net: NetName=+2.8V Pin=C80-2
Added Pin To Net: NetName=+2.8V Pin=U4-4
Added Pin To Net: NetName=+2.8V Pin=U6-G1
Added Pin To Net: NetName=+2.8V Pin=U6-J2
Added Pin To Net: NetName=+2.8V Pin=U6-J3
Added Pin To Net: NetName=+2.8V Pin=U6-J7
Added Pin To Net: NetName=+2.8V Pin=U6-J9
Added Pin To Net: NetName=+2.8V Pin=U7-G1
Added Pin To Net: NetName=+2.8V Pin=U7-J2
Added Pin To Net: NetName=+2.8V Pin=U7-J3
Added Pin To Net: NetName=+2.8V Pin=U7-J7
Added Pin To Net: NetName=+2.8V Pin=U7-J9
Added Pin To Net: NetName=+2.8V Pin=U8-G1
Added Pin To Net: NetName=+2.8V Pin=U8-J2
Added Pin To Net: NetName=+2.8V Pin=U8-J3
Added Pin To Net: NetName=+2.8V Pin=U8-J7
Added Pin To Net: NetName=+2.8V Pin=U8-J9
Added Pin To Net: NetName=+2.8V Pin=U9-G1
Added Pin To Net: NetName=+2.8V Pin=U9-J2
Added Pin To Net: NetName=+2.8V Pin=U9-J3
Added Pin To Net: NetName=+2.8V Pin=U9-J7
Added Pin To Net: NetName=+2.8V Pin=U9-J9
Added Net: Name=+2.8V
Added Pin To Net: NetName=+3.3V Pin=C2-2
Added Pin To Net: NetName=+3.3V Pin=C3-2
Added Pin To Net: NetName=+3.3V Pin=C4-2
Added Pin To Net: NetName=+3.3V Pin=C6-1
Added Pin To Net: NetName=+3.3V Pin=C7-1
Added Pin To Net: NetName=+3.3V Pin=C13-2
Added Pin To Net: NetName=+3.3V Pin=C15-1
Added Pin To Net: NetName=+3.3V Pin=C25-1
Added Pin To Net: NetName=+3.3V Pin=C81-2
Added Pin To Net: NetName=+3.3V Pin=C88-2
Added Pin To Net: NetName=+3.3V Pin=R1-2
Added Pin To Net: NetName=+3.3V Pin=R2-2
Added Pin To Net: NetName=+3.3V Pin=R15-1
Added Pin To Net: NetName=+3.3V Pin=R19-1
Added Pin To Net: NetName=+3.3V Pin=U1-2
Added Pin To Net: NetName=+3.3V Pin=U1-4
Added Pin To Net: NetName=+3.3V Pin=U2-1
Added Pin To Net: NetName=+3.3V Pin=U3-1
Added Pin To Net: NetName=+3.3V Pin=U5-3
Added Net: Name=+3.3V
Added Pin To Net: NetName=+5V_CAM Pin=C1-2
Added Pin To Net: NetName=+5V_CAM Pin=C5-1
Added Pin To Net: NetName=+5V_CAM Pin=C10-2
Added Pin To Net: NetName=+5V_CAM Pin=C23-1
Added Pin To Net: NetName=+5V_CAM Pin=U1-3
Added Pin To Net: NetName=+5V_CAM Pin=U4-3
Added Net: Name=+5V_CAM
Added Net: Name=CAM_CK_N
Added Net: Name=CAM_CK_P
Added Net: Name=CAM_D0_N
Added Net: Name=CAM_D0_P
Added Net: Name=CAM_D1_N
Added Net: Name=CAM_D1_P
Added Net: Name=CAM_IO0
Added Net: Name=CAM_IO1
Added Pin To Net: NetName=CAM_SCL Pin=R17-2
Added Net: Name=CAM_SCL
Added Pin To Net: NetName=CAM_SDA Pin=R18-2
Added Net: Name=CAM_SDA
Added Pin To Net: NetName=CLK_N Pin=U6-B6
Added Pin To Net: NetName=CLK_N Pin=U7-B6
Added Pin To Net: NetName=CLK_N Pin=U8-B6
Added Pin To Net: NetName=CLK_N Pin=U9-B6
Added Net: Name=CLK_N
Added Pin To Net: NetName=CLK_P Pin=U6-A6
Added Pin To Net: NetName=CLK_P Pin=U7-A6
Added Pin To Net: NetName=CLK_P Pin=U8-A6
Added Pin To Net: NetName=CLK_P Pin=U9-A6
Added Net: Name=CLK_P
Added Net: Name=CM4_SCL
Added Net: Name=CM4_SDA
Added Pin To Net: NetName=D1_N Pin=U6-B8
Added Pin To Net: NetName=D1_N Pin=U7-B8
Added Pin To Net: NetName=D1_N Pin=U8-B8
Added Pin To Net: NetName=D1_N Pin=U9-B8
Added Net: Name=D1_N
Added Pin To Net: NetName=D1_P Pin=U6-A8
Added Pin To Net: NetName=D1_P Pin=U7-A8
Added Pin To Net: NetName=D1_P Pin=U8-A8
Added Pin To Net: NetName=D1_P Pin=U9-A8
Added Net: Name=D1_P
Added Pin To Net: NetName=D2_N Pin=U6-B7
Added Pin To Net: NetName=D2_N Pin=U7-B7
Added Pin To Net: NetName=D2_N Pin=U8-B7
Added Pin To Net: NetName=D2_N Pin=U9-B7
Added Net: Name=D2_N
Added Pin To Net: NetName=D2_P Pin=U6-A7
Added Pin To Net: NetName=D2_P Pin=U7-A7
Added Pin To Net: NetName=D2_P Pin=U8-A7
Added Pin To Net: NetName=D2_P Pin=U9-A7
Added Net: Name=D2_P
Added Net: Name=GND_EXP
Added Pin To Net: NetName=GND Pin=C1-1
Added Pin To Net: NetName=GND Pin=C2-1
Added Pin To Net: NetName=GND Pin=C3-1
Added Pin To Net: NetName=GND Pin=C4-1
Added Pin To Net: NetName=GND Pin=C5-2
Added Pin To Net: NetName=GND Pin=C6-2
Added Pin To Net: NetName=GND Pin=C7-2
Added Pin To Net: NetName=GND Pin=C8-2
Added Pin To Net: NetName=GND Pin=C9-1
Added Pin To Net: NetName=GND Pin=C10-1
Added Pin To Net: NetName=GND Pin=C11-1
Added Pin To Net: NetName=GND Pin=C12-1
Added Pin To Net: NetName=GND Pin=C13-1
Added Pin To Net: NetName=GND Pin=C14-1
Added Pin To Net: NetName=GND Pin=C15-2
Added Pin To Net: NetName=GND Pin=C16-2
Added Pin To Net: NetName=GND Pin=C17-1
Added Pin To Net: NetName=GND Pin=C18-1
Added Pin To Net: NetName=GND Pin=C19-1
Added Pin To Net: NetName=GND Pin=C20-1
Added Pin To Net: NetName=GND Pin=C21-1
Added Pin To Net: NetName=GND Pin=C22-1
Added Pin To Net: NetName=GND Pin=C23-2
Added Pin To Net: NetName=GND Pin=C24-2
Added Pin To Net: NetName=GND Pin=C25-2
Added Pin To Net: NetName=GND Pin=C26-2
Added Pin To Net: NetName=GND Pin=C27-1
Added Pin To Net: NetName=GND Pin=C28-1
Added Pin To Net: NetName=GND Pin=C29-1
Added Pin To Net: NetName=GND Pin=C30-1
Added Pin To Net: NetName=GND Pin=C31-1
Added Pin To Net: NetName=GND Pin=C32-1
Added Pin To Net: NetName=GND Pin=C33-1
Added Pin To Net: NetName=GND Pin=C34-1
Added Pin To Net: NetName=GND Pin=C35-1
Added Pin To Net: NetName=GND Pin=C36-1
Added Pin To Net: NetName=GND Pin=C37-1
Added Pin To Net: NetName=GND Pin=C38-1
Added Pin To Net: NetName=GND Pin=C39-1
Added Pin To Net: NetName=GND Pin=C40-1
Added Pin To Net: NetName=GND Pin=C41-1
Added Pin To Net: NetName=GND Pin=C42-1
Added Pin To Net: NetName=GND Pin=C43-1
Added Pin To Net: NetName=GND Pin=C44-1
Added Pin To Net: NetName=GND Pin=C45-1
Added Pin To Net: NetName=GND Pin=C46-1
Added Pin To Net: NetName=GND Pin=C47-1
Added Pin To Net: NetName=GND Pin=C48-1
Added Pin To Net: NetName=GND Pin=C49-1
Added Pin To Net: NetName=GND Pin=C50-1
Added Pin To Net: NetName=GND Pin=C51-1
Added Pin To Net: NetName=GND Pin=C52-1
Added Pin To Net: NetName=GND Pin=C53-1
Added Pin To Net: NetName=GND Pin=C54-1
Added Pin To Net: NetName=GND Pin=C55-1
Added Pin To Net: NetName=GND Pin=C56-1
Added Pin To Net: NetName=GND Pin=C57-1
Added Pin To Net: NetName=GND Pin=C58-1
Added Pin To Net: NetName=GND Pin=C59-1
Added Pin To Net: NetName=GND Pin=C60-1
Added Pin To Net: NetName=GND Pin=C61-1
Added Pin To Net: NetName=GND Pin=C62-1
Added Pin To Net: NetName=GND Pin=C63-1
Added Pin To Net: NetName=GND Pin=C64-1
Added Pin To Net: NetName=GND Pin=C65-1
Added Pin To Net: NetName=GND Pin=C66-1
Added Pin To Net: NetName=GND Pin=C67-1
Added Pin To Net: NetName=GND Pin=C68-1
Added Pin To Net: NetName=GND Pin=C69-1
Added Pin To Net: NetName=GND Pin=C70-1
Added Pin To Net: NetName=GND Pin=C71-1
Added Pin To Net: NetName=GND Pin=C72-1
Added Pin To Net: NetName=GND Pin=C73-1
Added Pin To Net: NetName=GND Pin=C74-1
Added Pin To Net: NetName=GND Pin=C75-1
Added Pin To Net: NetName=GND Pin=C76-1
Added Pin To Net: NetName=GND Pin=C77-1
Added Pin To Net: NetName=GND Pin=C78-1
Added Pin To Net: NetName=GND Pin=C79-1
Added Pin To Net: NetName=GND Pin=C80-1
Added Pin To Net: NetName=GND Pin=C81-1
Added Pin To Net: NetName=GND Pin=C82-1
Added Pin To Net: NetName=GND Pin=C83-1
Added Pin To Net: NetName=GND Pin=C84-1
Added Pin To Net: NetName=GND Pin=C85-1
Added Pin To Net: NetName=GND Pin=C86-1
Added Pin To Net: NetName=GND Pin=C87-1
Added Pin To Net: NetName=GND Pin=C88-1
Added Pin To Net: NetName=GND Pin=U1-1
Added Pin To Net: NetName=GND Pin=U2-2
Added Pin To Net: NetName=GND Pin=U3-2
Added Pin To Net: NetName=GND Pin=U4-1
Added Pin To Net: NetName=GND Pin=U5-1
Added Pin To Net: NetName=GND Pin=U6-A11
Added Pin To Net: NetName=GND Pin=U6-B1
Added Pin To Net: NetName=GND Pin=U6-C2
Added Pin To Net: NetName=GND Pin=U6-D4
Added Pin To Net: NetName=GND Pin=U6-D5
Added Pin To Net: NetName=GND Pin=U6-D6
Added Pin To Net: NetName=GND Pin=U6-D7
Added Pin To Net: NetName=GND Pin=U6-D8
Added Pin To Net: NetName=GND Pin=U6-E4
Added Pin To Net: NetName=GND Pin=U6-E5
Added Pin To Net: NetName=GND Pin=U6-E6
Added Pin To Net: NetName=GND Pin=U6-E7
Added Pin To Net: NetName=GND Pin=U6-E8
Added Pin To Net: NetName=GND Pin=U6-F2
Added Pin To Net: NetName=GND Pin=U6-F4
Added Pin To Net: NetName=GND Pin=U6-F5
Added Pin To Net: NetName=GND Pin=U6-F6
Added Pin To Net: NetName=GND Pin=U6-F7
Added Pin To Net: NetName=GND Pin=U6-F8
Added Pin To Net: NetName=GND Pin=U6-G2
Added Pin To Net: NetName=GND Pin=U6-H2
Added Pin To Net: NetName=GND Pin=U6-H3
Added Pin To Net: NetName=GND Pin=U6-H5
Added Pin To Net: NetName=GND Pin=U6-J1
Added Pin To Net: NetName=GND Pin=U6-J4
Added Pin To Net: NetName=GND Pin=U6-J5
Added Pin To Net: NetName=GND Pin=U6-J11
Added Pin To Net: NetName=GND Pin=U7-A11
Added Pin To Net: NetName=GND Pin=U7-B1
Added Pin To Net: NetName=GND Pin=U7-C2
Added Pin To Net: NetName=GND Pin=U7-D4
Added Pin To Net: NetName=GND Pin=U7-D5
Added Pin To Net: NetName=GND Pin=U7-D6
Added Pin To Net: NetName=GND Pin=U7-D7
Added Pin To Net: NetName=GND Pin=U7-D8
Added Pin To Net: NetName=GND Pin=U7-E4
Added Pin To Net: NetName=GND Pin=U7-E5
Added Pin To Net: NetName=GND Pin=U7-E6
Added Pin To Net: NetName=GND Pin=U7-E7
Added Pin To Net: NetName=GND Pin=U7-E8
Added Pin To Net: NetName=GND Pin=U7-F2
Added Pin To Net: NetName=GND Pin=U7-F4
Added Pin To Net: NetName=GND Pin=U7-F5
Added Pin To Net: NetName=GND Pin=U7-F6
Added Pin To Net: NetName=GND Pin=U7-F7
Added Pin To Net: NetName=GND Pin=U7-F8
Added Pin To Net: NetName=GND Pin=U7-G2
Added Pin To Net: NetName=GND Pin=U7-H2
Added Pin To Net: NetName=GND Pin=U7-H3
Added Pin To Net: NetName=GND Pin=U7-H5
Added Pin To Net: NetName=GND Pin=U7-J1
Added Pin To Net: NetName=GND Pin=U7-J4
Added Pin To Net: NetName=GND Pin=U7-J5
Added Pin To Net: NetName=GND Pin=U7-J11
Added Pin To Net: NetName=GND Pin=U8-A11
Added Pin To Net: NetName=GND Pin=U8-B1
Added Pin To Net: NetName=GND Pin=U8-C2
Added Pin To Net: NetName=GND Pin=U8-D4
Added Pin To Net: NetName=GND Pin=U8-D5
Added Pin To Net: NetName=GND Pin=U8-D6
Added Pin To Net: NetName=GND Pin=U8-D7
Added Pin To Net: NetName=GND Pin=U8-D8
Added Pin To Net: NetName=GND Pin=U8-E4
Added Pin To Net: NetName=GND Pin=U8-E5
Added Pin To Net: NetName=GND Pin=U8-E6
Added Pin To Net: NetName=GND Pin=U8-E7
Added Pin To Net: NetName=GND Pin=U8-E8
Added Pin To Net: NetName=GND Pin=U8-F2
Added Pin To Net: NetName=GND Pin=U8-F4
Added Pin To Net: NetName=GND Pin=U8-F5
Added Pin To Net: NetName=GND Pin=U8-F6
Added Pin To Net: NetName=GND Pin=U8-F7
Added Pin To Net: NetName=GND Pin=U8-F8
Added Pin To Net: NetName=GND Pin=U8-G2
Added Pin To Net: NetName=GND Pin=U8-H2
Added Pin To Net: NetName=GND Pin=U8-H3
Added Pin To Net: NetName=GND Pin=U8-H5
Added Pin To Net: NetName=GND Pin=U8-J1
Added Pin To Net: NetName=GND Pin=U8-J4
Added Pin To Net: NetName=GND Pin=U8-J5
Added Pin To Net: NetName=GND Pin=U8-J11
Added Pin To Net: NetName=GND Pin=U9-A11
Added Pin To Net: NetName=GND Pin=U9-B1
Added Pin To Net: NetName=GND Pin=U9-C2
Added Pin To Net: NetName=GND Pin=U9-D4
Added Pin To Net: NetName=GND Pin=U9-D5
Added Pin To Net: NetName=GND Pin=U9-D6
Added Pin To Net: NetName=GND Pin=U9-D7
Added Pin To Net: NetName=GND Pin=U9-D8
Added Pin To Net: NetName=GND Pin=U9-E4
Added Pin To Net: NetName=GND Pin=U9-E5
Added Pin To Net: NetName=GND Pin=U9-E6
Added Pin To Net: NetName=GND Pin=U9-E7
Added Pin To Net: NetName=GND Pin=U9-E8
Added Pin To Net: NetName=GND Pin=U9-F2
Added Pin To Net: NetName=GND Pin=U9-F4
Added Pin To Net: NetName=GND Pin=U9-F5
Added Pin To Net: NetName=GND Pin=U9-F6
Added Pin To Net: NetName=GND Pin=U9-F7
Added Pin To Net: NetName=GND Pin=U9-F8
Added Pin To Net: NetName=GND Pin=U9-G2
Added Pin To Net: NetName=GND Pin=U9-H2
Added Pin To Net: NetName=GND Pin=U9-H3
Added Pin To Net: NetName=GND Pin=U9-H5
Added Pin To Net: NetName=GND Pin=U9-J1
Added Pin To Net: NetName=GND Pin=U9-J4
Added Pin To Net: NetName=GND Pin=U9-J5
Added Pin To Net: NetName=GND Pin=U9-J11
Added Net: Name=GND
Added Pin To Net: NetName=NetR1_1 Pin=R1-1
Added Pin To Net: NetName=NetR1_1 Pin=U2-3
Added Net: Name=NetR1_1
Added Pin To Net: NetName=NetR2_1 Pin=R2-1
Added Pin To Net: NetName=NetR2_1 Pin=U3-3
Added Net: Name=NetR2_1
Added Pin To Net: NetName=NetR15_2 Pin=R15-2
Added Net: Name=NetR15_2
Added Pin To Net: NetName=NetR19_2 Pin=R19-2
Added Net: Name=NetR19_2
Added Pin To Net: NetName=NetR20_1 Pin=R20-1
Added Net: Name=NetR20_1
Added Pin To Net: NetName=NetR20_2 Pin=R20-2
Added Net: Name=NetR20_2
Added Pin To Net: NetName=nINT0 Pin=R5-2
Added Net: Name=nINT0
Added Pin To Net: NetName=nINT1 Pin=R8-2
Added Net: Name=nINT1
Added Pin To Net: NetName=nINT2 Pin=R11-2
Added Net: Name=nINT2
Added Pin To Net: NetName=nINT3 Pin=R14-2
Added Net: Name=nINT3
Added Pin To Net: NetName=nINT Pin=R16-2
Added Net: Name=nINT
Added Pin To Net: NetName=SEN_0_CLK Pin=U6-A9
Added Net: Name=SEN_0_CLK
Added Pin To Net: NetName=SEN_0_GPIO0 Pin=U6-D1
Added Net: Name=SEN_0_GPIO0
Added Pin To Net: NetName=SEN_0_GPIO1 Pin=U6-D2
Added Net: Name=SEN_0_GPIO1
Added Pin To Net: NetName=SEN_0_GPIO2 Pin=U6-E1
Added Net: Name=SEN_0_GPIO2
Added Pin To Net: NetName=SEN_0_nOFF Pin=R21-1
Added Pin To Net: NetName=SEN_0_nOFF Pin=U6-A10
Added Net: Name=SEN_0_nOFF
Added Pin To Net: NetName=SEN_0_SCL Pin=R4-2
Added Pin To Net: NetName=SEN_0_SCL Pin=U6-J6
Added Net: Name=SEN_0_SCL
Added Pin To Net: NetName=SEN_0_SDA Pin=R3-2
Added Pin To Net: NetName=SEN_0_SDA Pin=U6-H6
Added Net: Name=SEN_0_SDA
Added Pin To Net: NetName=SEN_1_CLK Pin=U7-A9
Added Net: Name=SEN_1_CLK
Added Pin To Net: NetName=SEN_1_GPIO0 Pin=U7-D1
Added Net: Name=SEN_1_GPIO0
Added Pin To Net: NetName=SEN_1_GPIO1 Pin=U7-D2
Added Net: Name=SEN_1_GPIO1
Added Pin To Net: NetName=SEN_1_GPIO2 Pin=U7-E1
Added Net: Name=SEN_1_GPIO2
Added Pin To Net: NetName=SEN_1_nOFF Pin=R22-1
Added Pin To Net: NetName=SEN_1_nOFF Pin=U7-A10
Added Net: Name=SEN_1_nOFF
Added Pin To Net: NetName=SEN_1_SCL Pin=R7-2
Added Pin To Net: NetName=SEN_1_SCL Pin=U7-J6
Added Net: Name=SEN_1_SCL
Added Pin To Net: NetName=SEN_1_SDA Pin=R6-2
Added Pin To Net: NetName=SEN_1_SDA Pin=U7-H6
Added Net: Name=SEN_1_SDA
Added Pin To Net: NetName=SEN_2_CLK Pin=U8-A9
Added Net: Name=SEN_2_CLK
Added Pin To Net: NetName=SEN_2_GPIO0 Pin=U8-D1
Added Net: Name=SEN_2_GPIO0
Added Pin To Net: NetName=SEN_2_GPIO1 Pin=U8-D2
Added Net: Name=SEN_2_GPIO1
Added Pin To Net: NetName=SEN_2_GPIO2 Pin=U8-E1
Added Net: Name=SEN_2_GPIO2
Added Pin To Net: NetName=SEN_2_nOFF Pin=R23-1
Added Pin To Net: NetName=SEN_2_nOFF Pin=U8-A10
Added Net: Name=SEN_2_nOFF
Added Pin To Net: NetName=SEN_2_SCL Pin=R10-2
Added Pin To Net: NetName=SEN_2_SCL Pin=U8-J6
Added Net: Name=SEN_2_SCL
Added Pin To Net: NetName=SEN_2_SDA Pin=R9-2
Added Pin To Net: NetName=SEN_2_SDA Pin=U8-H6
Added Net: Name=SEN_2_SDA
Added Pin To Net: NetName=SEN_3_CLK Pin=U9-A9
Added Net: Name=SEN_3_CLK
Added Pin To Net: NetName=SEN_3_GPIO0 Pin=U9-D1
Added Net: Name=SEN_3_GPIO0
Added Pin To Net: NetName=SEN_3_GPIO1 Pin=U9-D2
Added Net: Name=SEN_3_GPIO1
Added Pin To Net: NetName=SEN_3_GPIO2 Pin=U9-E1
Added Net: Name=SEN_3_GPIO2
Added Pin To Net: NetName=SEN_3_nOFF Pin=R24-1
Added Pin To Net: NetName=SEN_3_nOFF Pin=U9-A10
Added Net: Name=SEN_3_nOFF
Added Pin To Net: NetName=SEN_3_SCL Pin=R13-2
Added Pin To Net: NetName=SEN_3_SCL Pin=U9-J6
Added Net: Name=SEN_3_SCL
Added Pin To Net: NetName=SEN_3_SDA Pin=R12-2
Added Pin To Net: NetName=SEN_3_SDA Pin=U9-H6
Added Net: Name=SEN_3_SDA
Added Class: Name=CONNECTOR
Added Class: Name=POWER
Added Class: Name=SENSOR
Added Class: Name=DIFF100
Added Differential Pair: Name=CLK
Added Differential Pair: Name=D1
Added Differential Pair: Name=D2
Added Rule: Name=Schematic Supply Nets
Added Rule: Name=Schematic Supply Nets_1
Added Rule: Name=Schematic Supply Nets_2
Added Rule: Name=Schematic Supply Nets_3
Added Rule: Name=Schematic Supply Nets_4
Added Rule: Name=Schematic Supply Nets_5
Added Rule: Name=Schematic Supply Nets_6
Added Rule: Name=Schematic Supply Nets_7
