Removed Pin From Net: NetName=+1.8V Pin=C25-2
Removed Pin From Net: NetName=+1.8V Pin=C26-2
Removed Pin From Net: NetName=+1.8V Pin=C27-2
Removed Pin From Net: NetName=+1.8V Pin=C28-2
Removed Pin From Net: NetName=+1.8V Pin=C29-2
Removed Pin From Net: NetName=+1.8V Pin=C30-2
Removed Pin From Net: NetName=+1.8V Pin=C31-2
Removed Pin From Net: NetName=+1.8V Pin=C32-2
Removed Pin From Net: NetName=+1.8V Pin=C33-2
Removed Pin From Net: NetName=+1.8V Pin=C34-2
Removed Pin From Net: NetName=+1.8V Pin=C35-2
Removed Pin From Net: NetName=+1.8V Pin=C36-2
Removed Pin From Net: NetName=GND Pin=C37-1
Removed Pin From Net: NetName=+1.8V Pin=C37-2
Removed Pin From Net: NetName=GND Pin=C38-1
Removed Pin From Net: NetName=+1.8V Pin=C38-2
Removed Pin From Net: NetName=GND Pin=C39-1
Removed Pin From Net: NetName=+1.8V Pin=C39-2
Removed Pin From Net: NetName=GND Pin=C40-1
Removed Pin From Net: NetName=+1.8V Pin=C40-2
Removed Pin From Net: NetName=GND Pin=C41-1
Removed Pin From Net: NetName=+1.8V Pin=C41-2
Removed Pin From Net: NetName=GND Pin=C42-1
Removed Pin From Net: NetName=+1.8V Pin=C42-2
Removed Pin From Net: NetName=GND Pin=C43-1
Removed Pin From Net: NetName=+1.8V Pin=C43-2
Removed Pin From Net: NetName=GND Pin=C44-1
Removed Pin From Net: NetName=+1.8V Pin=C44-2
Removed Pin From Net: NetName=GND Pin=C45-1
Removed Pin From Net: NetName=+2.8V Pin=C45-2
Removed Pin From Net: NetName=GND Pin=C46-1
Removed Pin From Net: NetName=+2.8V Pin=C46-2
Removed Pin From Net: NetName=GND Pin=C47-1
Removed Pin From Net: NetName=+2.8V Pin=C47-2
Removed Pin From Net: NetName=GND Pin=C48-1
Removed Pin From Net: NetName=+2.8V Pin=C48-2
Removed Pin From Net: NetName=GND Pin=C49-1
Removed Pin From Net: NetName=+2.8V Pin=C49-2
Removed Pin From Net: NetName=GND Pin=C50-1
Removed Pin From Net: NetName=+2.8V Pin=C50-2
Removed Pin From Net: NetName=GND Pin=C51-1
Removed Pin From Net: NetName=+2.8V Pin=C51-2
Removed Pin From Net: NetName=GND Pin=C52-1
Removed Pin From Net: NetName=+2.8V Pin=C52-2
Removed Pin From Net: NetName=GND Pin=C53-1
Removed Pin From Net: NetName=+2.8V Pin=C53-2
Removed Pin From Net: NetName=GND Pin=C54-1
Removed Pin From Net: NetName=+2.8V Pin=C54-2
Removed Pin From Net: NetName=GND Pin=C55-1
Removed Pin From Net: NetName=+2.8V Pin=C55-2
Removed Pin From Net: NetName=GND Pin=C56-1
Removed Pin From Net: NetName=+2.8V Pin=C56-2
Removed Pin From Net: NetName=GND Pin=C57-1
Removed Pin From Net: NetName=+2.8V Pin=C57-2
Removed Pin From Net: NetName=GND Pin=C58-1
Removed Pin From Net: NetName=+2.8V Pin=C58-2
Removed Pin From Net: NetName=GND Pin=C59-1
Removed Pin From Net: NetName=+2.8V Pin=C59-2
Removed Pin From Net: NetName=GND Pin=C60-1
Removed Pin From Net: NetName=+2.8V Pin=C60-2
Removed Pin From Net: NetName=SEN_2_CLK Pin=J2-1
Removed Pin From Net: NetName=CAM_CK_P Pin=J2-2
Removed Pin From Net: NetName=SEN_2_SCL Pin=J2-3
Removed Pin From Net: NetName=CAM_CK_N Pin=J2-4
Removed Pin From Net: NetName=SEN_2_SDA Pin=J2-5
Removed Pin From Net: NetName=GND Pin=J2-6
Removed Pin From Net: NetName=SEN_2_GPIO0 Pin=J2-7
Removed Pin From Net: NetName=CAM_D0_P Pin=J2-8
Removed Pin From Net: NetName=SEN_2_GPIO1 Pin=J2-9
Removed Pin From Net: NetName=CAM_D0_N Pin=J2-10
Removed Pin From Net: NetName=SEN_2_GPIO2 Pin=J2-11
Removed Pin From Net: NetName=GND Pin=J2-12
Removed Pin From Net: NetName=SEN_2_nOFF Pin=J2-13
Removed Pin From Net: NetName=CAM_D1_P Pin=J2-14
Removed Pin From Net: NetName=GND Pin=J2-15
Removed Pin From Net: NetName=CAM_D1_N Pin=J2-16
Removed Pin From Net: NetName=SEN_3_GPIO0 Pin=J2-17
Removed Pin From Net: NetName=GND Pin=J2-18
Removed Pin From Net: NetName=SEN_3_GPIO1 Pin=J2-19
Removed Pin From Net: NetName=SEN_3_CLK Pin=J2-20
Removed Pin From Net: NetName=SEN_3_GPIO2 Pin=J2-21
Removed Pin From Net: NetName=SEN_3_SCL Pin=J2-22
Removed Pin From Net: NetName=SEN_3_nOFF Pin=J2-23
Removed Pin From Net: NetName=SEN_3_SDA Pin=J2-24
Change Component Comment : Designator=C29 Old Comment=0.22uF/16V New Comment=2.2uF/6.3V
Change Component Comment : Designator=C34 Old Comment=0.22uF/16V New Comment=2.2uF/6.3V
Change Component Comment : Designator=C28 Old Comment=2.2uF/6.3V New Comment=0.22uF/16V
Change Component Comment : Designator=C32 Old Comment=2.2uF/6.3V New Comment=0.22uF/16V
Change Component Comment : Designator=C36 Old Comment=2.2uF/6.3V New Comment=0.22uF/16V
Change Component Designator: OldDesignator=C1 NewDesignator=C37
Change Component Designator: OldDesignator=C2 NewDesignator=C38
Change Component Designator: OldDesignator=C3 NewDesignator=C39
Change Component Designator: OldDesignator=C4 NewDesignator=C40
Change Component Designator: OldDesignator=C5 NewDesignator=C41
Change Component Designator: OldDesignator=C6 NewDesignator=C42
Change Component Designator: OldDesignator=C7 NewDesignator=C43
Change Component Designator: OldDesignator=C8 NewDesignator=C44
Change Component Designator: OldDesignator=C9 NewDesignator=C45
Change Component Designator: OldDesignator=C10 NewDesignator=C46
Change Component Designator: OldDesignator=C11 NewDesignator=C47
Change Component Designator: OldDesignator=C12 NewDesignator=C48
Change Component Designator: OldDesignator=C13 NewDesignator=C49
Change Component Designator: OldDesignator=C14 NewDesignator=C50
Change Component Designator: OldDesignator=C15 NewDesignator=C51
Change Component Designator: OldDesignator=C16 NewDesignator=C52
Change Component Designator: OldDesignator=C17 NewDesignator=C53
Change Component Designator: OldDesignator=C18 NewDesignator=C54
Change Component Designator: OldDesignator=C19 NewDesignator=C55
Change Component Designator: OldDesignator=C20 NewDesignator=C56
Change Component Designator: OldDesignator=C21 NewDesignator=C57
Change Component Designator: OldDesignator=C22 NewDesignator=C58
Change Component Designator: OldDesignator=C23 NewDesignator=C59
Change Component Designator: OldDesignator=C24 NewDesignator=C60
Change Component Designator: OldDesignator=J1 NewDesignator=J2
Change Component Designator: OldDesignator=J2 NewDesignator=J3
Added Component: Designator=C1(CAP_C_1005X60)
Add component (AddParameter): Name = "Value"; Value = "33pF"; VariantName = "[No Variations]"
Added Component: Designator=C2(CAP_C_1005X60)
Add component (AddParameter): Name = "Value"; Value = "33pF"; VariantName = "[No Variations]"
Added Component: Designator=C3(CAP_C_1005X60)
Add component (AddParameter): Name = "Value"; Value = "33pF"; VariantName = "[No Variations]"
Added Component: Designator=C4(CAP_C_1005X60)
Add component (AddParameter): Name = "Value"; Value = "33pF"; VariantName = "[No Variations]"
Added Component: Designator=C5(CAP_C_1005X60)
Add component (AddParameter): Name = "Value"; Value = "33pF"; VariantName = "[No Variations]"
Added Component: Designator=C6(CAP_C_1005X60)
Add component (AddParameter): Name = "Value"; Value = "33pF"; VariantName = "[No Variations]"
Added Component: Designator=C7(CAP_C_1005X60)
Add component (AddParameter): Name = "Value"; Value = "33pF"; VariantName = "[No Variations]"
Added Component: Designator=C8(CAP_C_1005X60)
Add component (AddParameter): Name = "Value"; Value = "33pF"; VariantName = "[No Variations]"
Added Component: Designator=C9(CAP_C_1005X60)
Add component (AddParameter): Name = "Value"; Value = "33pF"; VariantName = "[No Variations]"
Added Component: Designator=C10(CAP_C_1005X60)
Add component (AddParameter): Name = "Value"; Value = "33pF"; VariantName = "[No Variations]"
Added Component: Designator=C11(CAP_C_1005X60)
Add component (AddParameter): Name = "Value"; Value = "33pF"; VariantName = "[No Variations]"
Added Component: Designator=C12(CAP_C_1005X60)
Add component (AddParameter): Name = "Value"; Value = "33pF"; VariantName = "[No Variations]"
Added Component: Designator=C13(CAP_C_1005X60)
Add component (AddParameter): Name = "Value"; Value = "33pF"; VariantName = "[No Variations]"
Added Component: Designator=C14(CAP_C_1005X60)
Add component (AddParameter): Name = "Value"; Value = "33pF"; VariantName = "[No Variations]"
Added Component: Designator=C15(CAP_C_1005X60)
Add component (AddParameter): Name = "Value"; Value = "33pF"; VariantName = "[No Variations]"
Added Component: Designator=C16(CAP_C_1005X60)
Add component (AddParameter): Name = "Value"; Value = "33pF"; VariantName = "[No Variations]"
Added Component: Designator=C17(CAP_C_1005X60)
Add component (AddParameter): Name = "Value"; Value = "33pF"; VariantName = "[No Variations]"
Added Component: Designator=C18(CAP_C_1005X60)
Add component (AddParameter): Name = "Value"; Value = "33pF"; VariantName = "[No Variations]"
Added Component: Designator=C19(CAP_C_1005X60)
Add component (AddParameter): Name = "Value"; Value = "33pF"; VariantName = "[No Variations]"
Added Component: Designator=C20(CAP_C_1005X60)
Add component (AddParameter): Name = "Value"; Value = "33pF"; VariantName = "[No Variations]"
Added Component: Designator=C21(CAP_C_1005X60)
Add component (AddParameter): Name = "Value"; Value = "33pF"; VariantName = "[No Variations]"
Added Component: Designator=C22(CAP_C_1005X60)
Add component (AddParameter): Name = "Value"; Value = "33pF"; VariantName = "[No Variations]"
Added Component: Designator=C23(CAP_C_1005X60)
Add component (AddParameter): Name = "Value"; Value = "33pF"; VariantName = "[No Variations]"
Added Component: Designator=C24(CAP_C_1005X60)
Add component (AddParameter): Name = "Value"; Value = "33pF"; VariantName = "[No Variations]"
Added Component: Designator=J1(0532611571)
Add component (AddParameter): Name = "Availability"; Value = "In Stock"; VariantName = "[No Variations]"
Add component (AddParameter): Name = "Check_prices"; Value = "https://www.snapeda.com/parts/532611571/Molex/view-part/?ref=eda"; VariantName = "[No Variations]"
Add component (AddParameter): Name = "MF"; Value = "Molex"; VariantName = "[No Variations]"
Add component (AddParameter): Name = "MP"; Value = "532611571"; VariantName = "[No Variations]"
Add component (AddParameter): Name = "Package"; Value = "None"; VariantName = "[No Variations]"
Add component (AddParameter): Name = "Price"; Value = "None"; VariantName = "[No Variations]"
Add component (AddParameter): Name = "Purchase-URL"; Value = "https://pricing.snapeda.com/search/part/532611571/?ref=eda"; VariantName = "[No Variations]"
Add component (AddParameter): Name = "SnapEDA_Link"; Value = "https://www.snapeda.com/parts/532611571/Molex/view-part/?ref=snap"; VariantName = "[No Variations]"
Add component (AddParameter): Name = "Value"; Value = ""; VariantName = "[No Variations]"
Added Pin To Net: NetName=GND Pin=C1-1
Added Pin To Net: NetName=+1.8V Pin=C1-2
Added Pin To Net: NetName=GND Pin=C2-1
Added Pin To Net: NetName=+1.8V Pin=C2-2
Added Pin To Net: NetName=GND Pin=C3-1
Added Pin To Net: NetName=+1.8V Pin=C3-2
Added Pin To Net: NetName=GND Pin=C4-1
Added Pin To Net: NetName=+1.8V Pin=C4-2
Added Pin To Net: NetName=GND Pin=C5-1
Added Pin To Net: NetName=+1.8V Pin=C5-2
Added Pin To Net: NetName=GND Pin=C6-1
Added Pin To Net: NetName=+1.8V Pin=C6-2
Added Pin To Net: NetName=GND Pin=C7-1
Added Pin To Net: NetName=+1.8V Pin=C7-2
Added Pin To Net: NetName=GND Pin=C8-1
Added Pin To Net: NetName=+1.8V Pin=C8-2
Added Pin To Net: NetName=GND Pin=C9-1
Added Pin To Net: NetName=+1.8V Pin=C9-2
Added Pin To Net: NetName=GND Pin=C10-1
Added Pin To Net: NetName=+1.8V Pin=C10-2
Added Pin To Net: NetName=GND Pin=C11-1
Added Pin To Net: NetName=+1.8V Pin=C11-2
Added Pin To Net: NetName=GND Pin=C12-1
Added Pin To Net: NetName=+1.8V Pin=C12-2
Added Pin To Net: NetName=GND Pin=C13-1
Added Pin To Net: NetName=+1.8V Pin=C13-2
Added Pin To Net: NetName=GND Pin=C14-1
Added Pin To Net: NetName=+1.8V Pin=C14-2
Added Pin To Net: NetName=GND Pin=C15-1
Added Pin To Net: NetName=+1.8V Pin=C15-2
Added Pin To Net: NetName=GND Pin=C16-1
Added Pin To Net: NetName=+1.8V Pin=C16-2
Added Pin To Net: NetName=GND Pin=C17-1
Added Pin To Net: NetName=+1.8V Pin=C17-2
Added Pin To Net: NetName=GND Pin=C18-1
Added Pin To Net: NetName=+1.8V Pin=C18-2
Added Pin To Net: NetName=GND Pin=C19-1
Added Pin To Net: NetName=+1.8V Pin=C19-2
Added Pin To Net: NetName=GND Pin=C20-1
Added Pin To Net: NetName=+1.8V Pin=C20-2
Added Pin To Net: NetName=GND Pin=C21-1
Added Pin To Net: NetName=+2.8V Pin=C21-2
Added Pin To Net: NetName=GND Pin=C22-1
Added Pin To Net: NetName=+2.8V Pin=C22-2
Added Pin To Net: NetName=GND Pin=C23-1
Added Pin To Net: NetName=+2.8V Pin=C23-2
Added Pin To Net: NetName=GND Pin=C24-1
Added Pin To Net: NetName=+2.8V Pin=C24-2
Added Pin To Net: NetName=+2.8V Pin=C25-2
Added Pin To Net: NetName=+2.8V Pin=C26-2
Added Pin To Net: NetName=+2.8V Pin=C27-2
Added Pin To Net: NetName=+2.8V Pin=C28-2
Added Pin To Net: NetName=+2.8V Pin=C29-2
Added Pin To Net: NetName=+2.8V Pin=C30-2
Added Pin To Net: NetName=+2.8V Pin=C31-2
Added Pin To Net: NetName=+2.8V Pin=C32-2
Added Pin To Net: NetName=+2.8V Pin=C33-2
Added Pin To Net: NetName=+2.8V Pin=C34-2
Added Pin To Net: NetName=+2.8V Pin=C35-2
Added Pin To Net: NetName=+2.8V Pin=C36-2
Added Pin To Net: NetName=GND Pin=J1-1
Added Pin To Net: NetName=CAM_D0_N Pin=J1-2
Added Pin To Net: NetName=CAM_D0_P Pin=J1-3
Added Pin To Net: NetName=CAM_D1_N Pin=J1-4
Added Pin To Net: NetName=CAM_D1_P Pin=J1-5
Added Pin To Net: NetName=CAM_CK_N Pin=J1-6
Added Pin To Net: NetName=CAM_CK_P Pin=J1-7
Added Pin To Net: NetName=GND Pin=J1-14
Added Pin To Net: NetName=GND Pin=J1-S1
Added Pin To Net: NetName=GND Pin=J1-S2
Added Pin To Net: NetName=GND Pin=J3-2
Added Pin To Net: NetName=GND Pin=J3-4
Added Pin To Net: NetName=SEN_3_CLK Pin=J3-6
Added Pin To Net: NetName=SEN_3_SCL Pin=J3-8
Added Pin To Net: NetName=SEN_3_SDA Pin=J3-10
Added Pin To Net: NetName=SEN_3_GPIO0 Pin=J3-12
Added Pin To Net: NetName=GND Pin=J3-13
Added Pin To Net: NetName=SEN_3_GPIO1 Pin=J3-14
Added Pin To Net: NetName=SEN_2_CLK Pin=J3-15
Added Pin To Net: NetName=SEN_3_GPIO2 Pin=J3-16
Added Pin To Net: NetName=SEN_2_SCL Pin=J3-17
Added Pin To Net: NetName=SEN_3_nOFF Pin=J3-18
Added Pin To Net: NetName=SEN_2_SDA Pin=J3-19
Added Pin To Net: NetName=GND Pin=J3-20
Added Pin To Net: NetName=SEN_2_GPIO0 Pin=J3-21
Added Pin To Net: NetName=SEN_2_GPIO2 Pin=J3-22
Added Pin To Net: NetName=SEN_2_GPIO1 Pin=J3-23
Added Pin To Net: NetName=SEN_2_nOFF Pin=J3-24
Added Pin To Net: NetName=+5V_CAM Pin=J1-15
Added Pin To Net: NetName=+5V_CAM Pin=J3-1
Added Pin To Net: NetName=+5V_CAM Pin=J3-3
Added Net: Name=+5V_CAM
Added Pin To Net: NetName=CAM_SCL Pin=J1-10
Added Pin To Net: NetName=CAM_SCL Pin=J3-5
Added Net: Name=CAM_SCL
Added Pin To Net: NetName=CAM_SDA Pin=J1-11
Added Pin To Net: NetName=CAM_SDA Pin=J3-7
Added Net: Name=CAM_SDA
Added Pin To Net: NetName=CM4_SCL Pin=J1-12
Added Pin To Net: NetName=CM4_SCL Pin=J3-9
Added Net: Name=CM4_SCL
Added Pin To Net: NetName=CM4_SDA Pin=J1-13
Added Pin To Net: NetName=CM4_SDA Pin=J3-11
Added Net: Name=CM4_SDA
Added Member To Class: ClassName=POWER Member=Component C27 2.2uF/6.3V
Added Member To Class: ClassName=POWER Member=Component C29 2.2uF/6.3V
Added Member To Class: ClassName=POWER Member=Component C31 2.2uF/6.3V
Added Member To Class: ClassName=POWER Member=Component C33 2.2uF/6.3V
Added Member To Class: ClassName=POWER Member=Component C45 2.2uF/6.3V
Added Member To Class: ClassName=POWER Member=Component C46 2.2uF/6.3V
Added Member To Class: ClassName=POWER Member=Component C48 0.22uF/16V
Added Member To Class: ClassName=POWER Member=Component C60 0.22uF/16V
Added Member To Class: ClassName=POWER Member=Component J3 DF40C-24DP-0.4V51
Added Rule: Name=Schematic Supply Nets
