Removed Pin From Net: NetName=SEN_0_nOFF Pin=R21-1
Removed Pin From Net: NetName=+1.8V Pin=R21-2
Removed Pin From Net: NetName=SEN_1_nOFF Pin=R22-1
Removed Pin From Net: NetName=+1.8V Pin=R22-2
Removed Pin From Net: NetName=SEN_2_nOFF Pin=R23-1
Removed Pin From Net: NetName=+1.8V Pin=R23-2
Removed Pin From Net: NetName=SEN_3_nOFF Pin=R24-1
Removed Pin From Net: NetName=+1.8V Pin=R24-2
Change Component Comment : Designator=H1 Old Comment=M3 New Comment=M2
Change Component Comment : Designator=H2 Old Comment=M3 New Comment=M2
Change Component Comment : Designator=H3 Old Comment=M3 New Comment=M2
Change Component Comment : Designator=H4 Old Comment=M3 New Comment=M2
Change Component Designator: OldDesignator=C17 NewDesignator=C1
Change Component Designator: OldDesignator=C18 NewDesignator=C2
Change Component Designator: OldDesignator=C19 NewDesignator=C3
Change Component Designator: OldDesignator=C20 NewDesignator=C4
Change Component Designator: OldDesignator=C21 NewDesignator=C5
Change Component Designator: OldDesignator=C22 NewDesignator=C6
Change Component Designator: OldDesignator=C27 NewDesignator=C7
Change Component Designator: OldDesignator=C28 NewDesignator=C8
Change Component Designator: OldDesignator=C29 NewDesignator=C9
Change Component Designator: OldDesignator=C30 NewDesignator=C10
Change Component Designator: OldDesignator=C31 NewDesignator=C11
Change Component Designator: OldDesignator=C32 NewDesignator=C12
Change Component Designator: OldDesignator=C33 NewDesignator=C13
Change Component Designator: OldDesignator=C34 NewDesignator=C14
Change Component Designator: OldDesignator=C35 NewDesignator=C15
Change Component Designator: OldDesignator=C36 NewDesignator=C16
Change Component Designator: OldDesignator=C37 NewDesignator=C17
Change Component Designator: OldDesignator=C38 NewDesignator=C18
Change Component Designator: OldDesignator=C39 NewDesignator=C19
Change Component Designator: OldDesignator=C40 NewDesignator=C20
Change Component Designator: OldDesignator=C41 NewDesignator=C21
Change Component Designator: OldDesignator=C42 NewDesignator=C22
Change Component Designator: OldDesignator=C43 NewDesignator=C23
Change Component Designator: OldDesignator=C44 NewDesignator=C24
Change Component Designator: OldDesignator=C45 NewDesignator=C25
Change Component Designator: OldDesignator=C46 NewDesignator=C26
Change Component Designator: OldDesignator=C47 NewDesignator=C27
Change Component Designator: OldDesignator=C48 NewDesignator=C28
Change Component Designator: OldDesignator=C49 NewDesignator=C29
Change Component Designator: OldDesignator=C50 NewDesignator=C45
Change Component Designator: OldDesignator=C51 NewDesignator=C46
Change Component Designator: OldDesignator=C52 NewDesignator=C47
Change Component Designator: OldDesignator=C53 NewDesignator=C48
Change Component Designator: OldDesignator=C54 NewDesignator=C30
Change Component Designator: OldDesignator=C55 NewDesignator=C31
Change Component Designator: OldDesignator=C56 NewDesignator=C32
Change Component Designator: OldDesignator=C57 NewDesignator=C33
Change Component Designator: OldDesignator=C58 NewDesignator=C34
Change Component Designator: OldDesignator=C59 NewDesignator=C49
Change Component Designator: OldDesignator=C60 NewDesignator=C50
Change Component Designator: OldDesignator=C61 NewDesignator=C51
Change Component Designator: OldDesignator=C62 NewDesignator=C52
Change Component Designator: OldDesignator=C63 NewDesignator=C35
Change Component Designator: OldDesignator=C64 NewDesignator=C36
Change Component Designator: OldDesignator=C65 NewDesignator=C37
Change Component Designator: OldDesignator=C66 NewDesignator=C38
Change Component Designator: OldDesignator=C67 NewDesignator=C39
Change Component Designator: OldDesignator=C68 NewDesignator=C53
Change Component Designator: OldDesignator=C69 NewDesignator=C54
Change Component Designator: OldDesignator=C70 NewDesignator=C55
Change Component Designator: OldDesignator=C71 NewDesignator=C56
Change Component Designator: OldDesignator=C72 NewDesignator=C40
Change Component Designator: OldDesignator=C73 NewDesignator=C41
Change Component Designator: OldDesignator=C74 NewDesignator=C42
Change Component Designator: OldDesignator=C75 NewDesignator=C43
Change Component Designator: OldDesignator=C76 NewDesignator=C44
Change Component Designator: OldDesignator=C77 NewDesignator=C57
Change Component Designator: OldDesignator=C78 NewDesignator=C58
Change Component Designator: OldDesignator=C79 NewDesignator=C59
Change Component Designator: OldDesignator=C80 NewDesignator=C60
Change Component Designator: OldDesignator=J? NewDesignator=J1
Change Component Designator: OldDesignator=J? NewDesignator=J2
Change Component Designator: OldDesignator=U6 NewDesignator=U1
Change Component Designator: OldDesignator=U7 NewDesignator=U2
Change Component Designator: OldDesignator=U8 NewDesignator=U3
Change Component Designator: OldDesignator=U9 NewDesignator=U4
Added Component: Designator=R1(RES_C_1005X40)
Add component (AddParameter): Name = "Class"; Value = "Passive"; VariantName = "[No Variations]"
Add component (AddParameter): Name = "Manufacturer"; Value = "Generic Components"; VariantName = "[No Variations]"
Add component (AddParameter): Name = "Published"; Value = "08/06/2000"; VariantName = "[No Variations]"
Add component (AddParameter): Name = "Publisher"; Value = "Altium Hobart Technology Centre"; VariantName = "[No Variations]"
Added Component: Designator=R2(RES_C_1005X40)
Add component (AddParameter): Name = "Class"; Value = "Passive"; VariantName = "[No Variations]"
Add component (AddParameter): Name = "Manufacturer"; Value = "Generic Components"; VariantName = "[No Variations]"
Add component (AddParameter): Name = "Published"; Value = "08/06/2000"; VariantName = "[No Variations]"
Add component (AddParameter): Name = "Publisher"; Value = "Altium Hobart Technology Centre"; VariantName = "[No Variations]"
Added Component: Designator=R3(RES_C_1005X40)
Add component (AddParameter): Name = "Class"; Value = "Passive"; VariantName = "[No Variations]"
Add component (AddParameter): Name = "Manufacturer"; Value = "Generic Components"; VariantName = "[No Variations]"
Add component (AddParameter): Name = "Published"; Value = "08/06/2000"; VariantName = "[No Variations]"
Add component (AddParameter): Name = "Publisher"; Value = "Altium Hobart Technology Centre"; VariantName = "[No Variations]"
Added Component: Designator=R4(RES_C_1005X40)
Add component (AddParameter): Name = "Class"; Value = "Passive"; VariantName = "[No Variations]"
Add component (AddParameter): Name = "Manufacturer"; Value = "Generic Components"; VariantName = "[No Variations]"
Add component (AddParameter): Name = "Published"; Value = "08/06/2000"; VariantName = "[No Variations]"
Add component (AddParameter): Name = "Publisher"; Value = "Altium Hobart Technology Centre"; VariantName = "[No Variations]"
Added Pin To Net: NetName=+1.8V Pin=J1-1
Added Pin To Net: NetName=+2.8V Pin=J1-2
Added Pin To Net: NetName=+1.8V Pin=J1-3
Added Pin To Net: NetName=+2.8V Pin=J1-4
Added Pin To Net: NetName=+1.05V Pin=J1-5
Added Pin To Net: NetName=GND Pin=J1-6
Added Pin To Net: NetName=+1.05V Pin=J1-7
Added Pin To Net: NetName=GND Pin=J1-8
Added Pin To Net: NetName=SEN_0_CLK Pin=J1-9
Added Pin To Net: NetName=SEN_1_CLK Pin=J1-10
Added Pin To Net: NetName=SEN_0_SCL Pin=J1-11
Added Pin To Net: NetName=SEN_1_SCL Pin=J1-12
Added Pin To Net: NetName=SEN_0_SDA Pin=J1-13
Added Pin To Net: NetName=SEN_1_SDA Pin=J1-14
Added Pin To Net: NetName=SEN_0_GPIO0 Pin=J1-15
Added Pin To Net: NetName=SEN_1_GPIO0 Pin=J1-16
Added Pin To Net: NetName=SEN_0_GPIO1 Pin=J1-17
Added Pin To Net: NetName=SEN_1_GPIO1 Pin=J1-18
Added Pin To Net: NetName=SEN_0_GPIO2 Pin=J1-19
Added Pin To Net: NetName=SEN_1_GPIO2 Pin=J1-20
Added Pin To Net: NetName=SEN_0_nOFF Pin=J1-21
Added Pin To Net: NetName=SEN_1_nOFF Pin=J1-22
Added Pin To Net: NetName=GND Pin=J1-23
Added Pin To Net: NetName=GND Pin=J1-24
Added Pin To Net: NetName=SEN_2_CLK Pin=J2-1
Added Pin To Net: NetName=CAM_CK_P Pin=J2-2
Added Pin To Net: NetName=SEN_2_SCL Pin=J2-3
Added Pin To Net: NetName=CAM_CK_N Pin=J2-4
Added Pin To Net: NetName=SEN_2_SDA Pin=J2-5
Added Pin To Net: NetName=GND Pin=J2-6
Added Pin To Net: NetName=SEN_2_GPIO0 Pin=J2-7
Added Pin To Net: NetName=CAM_D0_P Pin=J2-8
Added Pin To Net: NetName=SEN_2_GPIO1 Pin=J2-9
Added Pin To Net: NetName=CAM_D0_N Pin=J2-10
Added Pin To Net: NetName=SEN_2_GPIO2 Pin=J2-11
Added Pin To Net: NetName=GND Pin=J2-12
Added Pin To Net: NetName=SEN_2_nOFF Pin=J2-13
Added Pin To Net: NetName=CAM_D1_P Pin=J2-14
Added Pin To Net: NetName=GND Pin=J2-15
Added Pin To Net: NetName=CAM_D1_N Pin=J2-16
Added Pin To Net: NetName=SEN_3_GPIO0 Pin=J2-17
Added Pin To Net: NetName=GND Pin=J2-18
Added Pin To Net: NetName=SEN_3_GPIO1 Pin=J2-19
Added Pin To Net: NetName=SEN_3_CLK Pin=J2-20
Added Pin To Net: NetName=SEN_3_GPIO2 Pin=J2-21
Added Pin To Net: NetName=SEN_3_SCL Pin=J2-22
Added Pin To Net: NetName=SEN_3_nOFF Pin=J2-23
Added Pin To Net: NetName=SEN_3_SDA Pin=J2-24
Added Pin To Net: NetName=SEN_0_nOFF Pin=R1-1
Added Pin To Net: NetName=+1.8V Pin=R1-2
Added Pin To Net: NetName=SEN_1_nOFF Pin=R2-1
Added Pin To Net: NetName=+1.8V Pin=R2-2
Added Pin To Net: NetName=SEN_2_nOFF Pin=R3-1
Added Pin To Net: NetName=+1.8V Pin=R3-2
Added Pin To Net: NetName=SEN_3_nOFF Pin=R4-1
Added Pin To Net: NetName=+1.8V Pin=R4-2
Added Member To Class: ClassName=POWER Member=Component H1 M2
Added Member To Class: ClassName=POWER Member=Component H2 M2
Added Member To Class: ClassName=POWER Member=Component H3 M2
Added Member To Class: ClassName=POWER Member=Component H4 M2
Added Member To Class: ClassName=POWER Member=Component J1 DF40C-24DP-0.4V51
Added Member To Class: ClassName=POWER Member=Component J2 DF40C-24DP-0.4V51
Added Member To Class: ClassName=POWER Member=Component R1 4.7k
Added Member To Class: ClassName=POWER Member=Component R2 4.7k
Added Member To Class: ClassName=POWER Member=Component R3 4.7k
Added Member To Class: ClassName=POWER Member=Component R4 4.7k
Added Member To Class: ClassName=POWER Member=Component U1 AR2020
Added Member To Class: ClassName=POWER Member=Component U2 AR2020
Added Member To Class: ClassName=POWER Member=Component U3 AR2020
Added Member To Class: ClassName=POWER Member=Component U4 AR2020
